{"c:\\github\\gareththegeek\\corewar\\Corewar\\Parser\\TokenHelper.ts":{"path":"c:\\github\\gareththegeek\\corewar\\Corewar\\Parser\\TokenHelper.ts","statementMap":{"0":{"start":{"line":2,"column":0},"end":{"line":2,"column":62}},"1":{"start":{"line":3,"column":15},"end":{"line":3,"column":44}},"2":{"start":{"line":4,"column":33},"end":{"line":39,"column":3}},"3":{"start":{"line":7,"column":4},"end":{"line":27,"column":6}},"4":{"start":{"line":8,"column":8},"end":{"line":25,"column":9}},"5":{"start":{"line":10,"column":16},"end":{"line":10,"column":29}},"6":{"start":{"line":12,"column":16},"end":{"line":12,"column":29}},"7":{"start":{"line":14,"column":16},"end":{"line":14,"column":37}},"8":{"start":{"line":16,"column":16},"end":{"line":16,"column":31}},"9":{"start":{"line":18,"column":16},"end":{"line":18,"column":30}},"10":{"start":{"line":20,"column":16},"end":{"line":20,"column":34}},"11":{"start":{"line":22,"column":16},"end":{"line":22,"column":32}},"12":{"start":{"line":24,"column":16},"end":{"line":24,"column":32}},"13":{"start":{"line":26,"column":8},"end":{"line":26,"column":18}},"14":{"start":{"line":28,"column":4},"end":{"line":37,"column":6}},"15":{"start":{"line":29,"column":8},"end":{"line":36,"column":9}},"16":{"start":{"line":31,"column":16},"end":{"line":31,"column":29}},"17":{"start":{"line":33,"column":16},"end":{"line":33,"column":37}},"18":{"start":{"line":35,"column":16},"end":{"line":35,"column":48}},"19":{"start":{"line":38,"column":4},"end":{"line":38,"column":23}},"20":{"start":{"line":40,"column":0},"end":{"line":40,"column":34}}},"fnMap":{"0":{"name":"(anonymous_0)","decl":{"start":{"line":4,"column":33},"end":{"line":4,"column":34}},"loc":{"start":{"line":4,"column":45},"end":{"line":39,"column":1}},"line":4},"1":{"name":"TokenHelper","decl":{"start":{"line":5,"column":13},"end":{"line":5,"column":24}},"loc":{"start":{"line":5,"column":27},"end":{"line":6,"column":5}},"line":5},"2":{"name":"(anonymous_2)","decl":{"start":{"line":7,"column":35},"end":{"line":7,"column":36}},"loc":{"start":{"line":7,"column":55},"end":{"line":27,"column":5}},"line":7},"3":{"name":"(anonymous_3)","decl":{"start":{"line":28,"column":32},"end":{"line":28,"column":33}},"loc":{"start":{"line":28,"column":49},"end":{"line":37,"column":5}},"line":28}},"branchMap":{"0":{"loc":{"start":{"line":8,"column":8},"end":{"line":25,"column":9}},"type":"switch","locations":[{"start":{"line":9,"column":12},"end":{"line":10,"column":29}},{"start":{"line":11,"column":12},"end":{"line":12,"column":29}},{"start":{"line":13,"column":12},"end":{"line":14,"column":37}},{"start":{"line":15,"column":12},"end":{"line":16,"column":31}},{"start":{"line":17,"column":12},"end":{"line":18,"column":30}},{"start":{"line":19,"column":12},"end":{"line":20,"column":34}},{"start":{"line":21,"column":12},"end":{"line":22,"column":32}},{"start":{"line":23,"column":12},"end":{"line":24,"column":32}}],"line":8},"1":{"loc":{"start":{"line":29,"column":8},"end":{"line":36,"column":9}},"type":"switch","locations":[{"start":{"line":30,"column":12},"end":{"line":31,"column":29}},{"start":{"line":32,"column":12},"end":{"line":33,"column":37}},{"start":{"line":34,"column":12},"end":{"line":35,"column":48}}],"line":29}},"s":{"0":1,"1":1,"2":1,"3":1,"4":13,"5":1,"6":0,"7":3,"8":0,"9":2,"10":2,"11":4,"12":1,"13":0,"14":1,"15":20,"16":2,"17":8,"18":10,"19":1,"20":1},"f":{"0":1,"1":0,"2":13,"3":20},"b":{"0":[1,0,3,0,2,2,4,1],"1":[2,8,10]},"_coverageSchema":"332fd63041d2c1bcb487cc26dd0d5f7d97098a6c","hash":"2cb1483ae3d13e3e610deb528fb0737dca2cba25","contentHash":"fecd72a936b9b3bad992955e91ef806e_11.3.0"},"c:\\github\\gareththegeek\\corewar\\Corewar\\Parser\\Interface\\IToken.ts":{"path":"c:\\github\\gareththegeek\\corewar\\Corewar\\Parser\\Interface\\IToken.ts","statementMap":{"0":{"start":{"line":2,"column":0},"end":{"line":2,"column":62}},"1":{"start":{"line":4,"column":0},"end":{"line":16,"column":74}},"2":{"start":{"line":5,"column":4},"end":{"line":5,"column":56}},"3":{"start":{"line":6,"column":4},"end":{"line":6,"column":58}},"4":{"start":{"line":7,"column":4},"end":{"line":7,"column":70}},"5":{"start":{"line":8,"column":4},"end":{"line":8,"column":62}},"6":{"start":{"line":9,"column":4},"end":{"line":9,"column":54}},"7":{"start":{"line":10,"column":4},"end":{"line":10,"column":58}},"8":{"start":{"line":11,"column":4},"end":{"line":11,"column":56}},"9":{"start":{"line":12,"column":4},"end":{"line":12,"column":56}},"10":{"start":{"line":13,"column":4},"end":{"line":13,"column":52}},"11":{"start":{"line":14,"column":4},"end":{"line":14,"column":60}},"12":{"start":{"line":15,"column":4},"end":{"line":15,"column":61}}},"fnMap":{"0":{"name":"(anonymous_0)","decl":{"start":{"line":4,"column":1},"end":{"line":4,"column":2}},"loc":{"start":{"line":4,"column":26},"end":{"line":16,"column":1}},"line":4}},"branchMap":{"0":{"loc":{"start":{"line":16,"column":19},"end":{"line":16,"column":72}},"type":"binary-expr","locations":[{"start":{"line":16,"column":19},"end":{"line":16,"column":40}},{"start":{"line":16,"column":45},"end":{"line":16,"column":71}}],"line":16}},"s":{"0":1,"1":1,"2":1,"3":1,"4":1,"5":1,"6":1,"7":1,"8":1,"9":1,"10":1,"11":1,"12":1},"f":{"0":1},"b":{"0":[1,1]},"_coverageSchema":"332fd63041d2c1bcb487cc26dd0d5f7d97098a6c","hash":"64711660718e2b4354ba09afbddfafb47bc70f52","contentHash":"01a57e2c3caefe8b6118742fb1333764_11.3.0"},"c:\\github\\gareththegeek\\corewar\\Parser.tests\\tests\\TestHelper.ts":{"path":"c:\\github\\gareththegeek\\corewar\\Parser.tests\\tests\\TestHelper.ts","statementMap":{"0":{"start":{"line":3,"column":0},"end":{"line":3,"column":62}},"1":{"start":{"line":4,"column":15},"end":{"line":4,"column":65}},"2":{"start":{"line":5,"column":8},"end":{"line":5,"column":29}},"3":{"start":{"line":6,"column":0},"end":{"line":6,"column":13}},"4":{"start":{"line":7,"column":32},"end":{"line":206,"column":3}},"5":{"start":{"line":10,"column":4},"end":{"line":87,"column":6}},"6":{"start":{"line":11,"column":21},"end":{"line":11,"column":23}},"7":{"start":{"line":13,"column":8},"end":{"line":19,"column":9}},"8":{"start":{"line":14,"column":12},"end":{"line":18,"column":15}},"9":{"start":{"line":20,"column":8},"end":{"line":26,"column":9}},"10":{"start":{"line":21,"column":12},"end":{"line":25,"column":15}},"11":{"start":{"line":27,"column":8},"end":{"line":33,"column":9}},"12":{"start":{"line":28,"column":12},"end":{"line":32,"column":15}},"13":{"start":{"line":34,"column":8},"end":{"line":40,"column":9}},"14":{"start":{"line":35,"column":12},"end":{"line":39,"column":15}},"15":{"start":{"line":41,"column":8},"end":{"line":51,"column":9}},"16":{"start":{"line":42,"column":12},"end":{"line":42,"column":52}},"17":{"start":{"line":43,"column":12},"end":{"line":45,"column":13}},"18":{"start":{"line":44,"column":16},"end":{"line":44,"column":57}},"19":{"start":{"line":46,"column":12},"end":{"line":50,"column":15}},"20":{"start":{"line":52,"column":8},"end":{"line":58,"column":9}},"21":{"start":{"line":53,"column":12},"end":{"line":57,"column":15}},"22":{"start":{"line":59,"column":8},"end":{"line":65,"column":9}},"23":{"start":{"line":60,"column":12},"end":{"line":64,"column":15}},"24":{"start":{"line":66,"column":8},"end":{"line":73,"column":9}},"25":{"start":{"line":67,"column":12},"end":{"line":67,"column":56}},"26":{"start":{"line":68,"column":12},"end":{"line":72,"column":15}},"27":{"start":{"line":74,"column":8},"end":{"line":80,"column":9}},"28":{"start":{"line":75,"column":12},"end":{"line":79,"column":15}},"29":{"start":{"line":81,"column":8},"end":{"line":85,"column":11}},"30":{"start":{"line":86,"column":8},"end":{"line":86,"column":22}},"31":{"start":{"line":88,"column":4},"end":{"line":100,"column":6}},"32":{"start":{"line":89,"column":8},"end":{"line":99,"column":10}},"33":{"start":{"line":101,"column":4},"end":{"line":109,"column":6}},"34":{"start":{"line":102,"column":8},"end":{"line":108,"column":10}},"35":{"start":{"line":110,"column":4},"end":{"line":131,"column":6}},"36":{"start":{"line":111,"column":21},"end":{"line":111,"column":23}},"37":{"start":{"line":112,"column":8},"end":{"line":116,"column":11}},"38":{"start":{"line":117,"column":8},"end":{"line":124,"column":9}},"39":{"start":{"line":118,"column":27},"end":{"line":118,"column":50}},"40":{"start":{"line":119,"column":12},"end":{"line":123,"column":15}},"41":{"start":{"line":125,"column":8},"end":{"line":129,"column":11}},"42":{"start":{"line":130,"column":8},"end":{"line":130,"column":22}},"43":{"start":{"line":132,"column":4},"end":{"line":154,"column":6}},"44":{"start":{"line":133,"column":21},"end":{"line":133,"column":23}},"45":{"start":{"line":134,"column":8},"end":{"line":140,"column":9}},"46":{"start":{"line":135,"column":12},"end":{"line":139,"column":15}},"47":{"start":{"line":141,"column":8},"end":{"line":145,"column":11}},"48":{"start":{"line":146,"column":8},"end":{"line":152,"column":11}},"49":{"start":{"line":153,"column":8},"end":{"line":153,"column":22}},"50":{"start":{"line":155,"column":4},"end":{"line":172,"column":6}},"51":{"start":{"line":156,"column":23},"end":{"line":156,"column":54}},"52":{"start":{"line":157,"column":8},"end":{"line":171,"column":10}},"53":{"start":{"line":173,"column":4},"end":{"line":197,"column":6}},"54":{"start":{"line":174,"column":22},"end":{"line":184,"column":9}},"55":{"start":{"line":185,"column":22},"end":{"line":195,"column":9}},"56":{"start":{"line":196,"column":8},"end":{"line":196,"column":57}},"57":{"start":{"line":198,"column":4},"end":{"line":204,"column":6}},"58":{"start":{"line":199,"column":23},"end":{"line":199,"column":51}},"59":{"start":{"line":200,"column":8},"end":{"line":202,"column":9}},"60":{"start":{"line":201,"column":12},"end":{"line":201,"column":53}},"61":{"start":{"line":203,"column":8},"end":{"line":203,"column":24}},"62":{"start":{"line":205,"column":4},"end":{"line":205,"column":22}},"63":{"start":{"line":207,"column":0},"end":{"line":207,"column":32}}},"fnMap":{"0":{"name":"(anonymous_0)","decl":{"start":{"line":7,"column":32},"end":{"line":7,"column":33}},"loc":{"start":{"line":7,"column":44},"end":{"line":206,"column":1}},"line":7},"1":{"name":"TestHelper","decl":{"start":{"line":8,"column":13},"end":{"line":8,"column":23}},"loc":{"start":{"line":8,"column":26},"end":{"line":9,"column":5}},"line":8},"2":{"name":"(anonymous_2)","decl":{"start":{"line":10,"column":29},"end":{"line":10,"column":30}},"loc":{"start":{"line":10,"column":120},"end":{"line":87,"column":5}},"line":10},"3":{"name":"(anonymous_3)","decl":{"start":{"line":88,"column":25},"end":{"line":88,"column":26}},"loc":{"start":{"line":88,"column":50},"end":{"line":100,"column":5}},"line":88},"4":{"name":"(anonymous_4)","decl":{"start":{"line":101,"column":27},"end":{"line":101,"column":28}},"loc":{"start":{"line":101,"column":43},"end":{"line":109,"column":5}},"line":101},"5":{"name":"(anonymous_5)","decl":{"start":{"line":110,"column":30},"end":{"line":110,"column":31}},"loc":{"start":{"line":110,"column":53},"end":{"line":131,"column":5}},"line":110},"6":{"name":"(anonymous_6)","decl":{"start":{"line":132,"column":21},"end":{"line":132,"column":22}},"loc":{"start":{"line":132,"column":56},"end":{"line":154,"column":5}},"line":132},"7":{"name":"(anonymous_7)","decl":{"start":{"line":155,"column":21},"end":{"line":155,"column":22}},"loc":{"start":{"line":155,"column":46},"end":{"line":172,"column":5}},"line":155},"8":{"name":"(anonymous_8)","decl":{"start":{"line":173,"column":30},"end":{"line":173,"column":31}},"loc":{"start":{"line":173,"column":57},"end":{"line":197,"column":5}},"line":173},"9":{"name":"(anonymous_9)","decl":{"start":{"line":198,"column":29},"end":{"line":198,"column":30}},"loc":{"start":{"line":198,"column":47},"end":{"line":204,"column":5}},"line":198}},"branchMap":{"0":{"loc":{"start":{"line":13,"column":8},"end":{"line":19,"column":9}},"type":"if","locations":[{"start":{"line":13,"column":8},"end":{"line":19,"column":9}},{"start":{"line":13,"column":8},"end":{"line":19,"column":9}}],"line":13},"1":{"loc":{"start":{"line":20,"column":8},"end":{"line":26,"column":9}},"type":"if","locations":[{"start":{"line":20,"column":8},"end":{"line":26,"column":9}},{"start":{"line":20,"column":8},"end":{"line":26,"column":9}}],"line":20},"2":{"loc":{"start":{"line":27,"column":8},"end":{"line":33,"column":9}},"type":"if","locations":[{"start":{"line":27,"column":8},"end":{"line":33,"column":9}},{"start":{"line":27,"column":8},"end":{"line":33,"column":9}}],"line":27},"3":{"loc":{"start":{"line":34,"column":8},"end":{"line":40,"column":9}},"type":"if","locations":[{"start":{"line":34,"column":8},"end":{"line":40,"column":9}},{"start":{"line":34,"column":8},"end":{"line":40,"column":9}}],"line":34},"4":{"loc":{"start":{"line":41,"column":8},"end":{"line":51,"column":9}},"type":"if","locations":[{"start":{"line":41,"column":8},"end":{"line":51,"column":9}},{"start":{"line":41,"column":8},"end":{"line":51,"column":9}}],"line":41},"5":{"loc":{"start":{"line":43,"column":12},"end":{"line":45,"column":13}},"type":"if","locations":[{"start":{"line":43,"column":12},"end":{"line":45,"column":13}},{"start":{"line":43,"column":12},"end":{"line":45,"column":13}}],"line":43},"6":{"loc":{"start":{"line":52,"column":8},"end":{"line":58,"column":9}},"type":"if","locations":[{"start":{"line":52,"column":8},"end":{"line":58,"column":9}},{"start":{"line":52,"column":8},"end":{"line":58,"column":9}}],"line":52},"7":{"loc":{"start":{"line":59,"column":8},"end":{"line":65,"column":9}},"type":"if","locations":[{"start":{"line":59,"column":8},"end":{"line":65,"column":9}},{"start":{"line":59,"column":8},"end":{"line":65,"column":9}}],"line":59},"8":{"loc":{"start":{"line":66,"column":8},"end":{"line":73,"column":9}},"type":"if","locations":[{"start":{"line":66,"column":8},"end":{"line":73,"column":9}},{"start":{"line":66,"column":8},"end":{"line":73,"column":9}}],"line":66},"9":{"loc":{"start":{"line":74,"column":8},"end":{"line":80,"column":9}},"type":"if","locations":[{"start":{"line":74,"column":8},"end":{"line":80,"column":9}},{"start":{"line":74,"column":8},"end":{"line":80,"column":9}}],"line":74},"10":{"loc":{"start":{"line":117,"column":8},"end":{"line":124,"column":9}},"type":"if","locations":[{"start":{"line":117,"column":8},"end":{"line":124,"column":9}},{"start":{"line":117,"column":8},"end":{"line":124,"column":9}}],"line":117},"11":{"loc":{"start":{"line":134,"column":8},"end":{"line":140,"column":9}},"type":"if","locations":[{"start":{"line":134,"column":8},"end":{"line":140,"column":9}},{"start":{"line":134,"column":8},"end":{"line":140,"column":9}}],"line":134},"12":{"loc":{"start":{"line":200,"column":8},"end":{"line":202,"column":9}},"type":"if","locations":[{"start":{"line":200,"column":8},"end":{"line":202,"column":9}},{"start":{"line":200,"column":8},"end":{"line":202,"column":9}}],"line":200}},"s":{"0":1,"1":1,"2":1,"3":1,"4":1,"5":1,"6":136,"7":136,"8":3,"9":136,"10":136,"11":136,"12":75,"13":136,"14":116,"15":136,"16":135,"17":135,"18":133,"19":135,"20":136,"21":124,"22":136,"23":105,"24":136,"25":127,"26":127,"27":136,"28":15,"29":136,"30":136,"31":1,"32":21,"33":1,"34":6,"35":1,"36":7,"37":7,"38":7,"39":4,"40":4,"41":7,"42":7,"43":1,"44":11,"45":11,"46":9,"47":11,"48":11,"49":11,"50":1,"51":7,"52":7,"53":1,"54":3,"55":3,"56":3,"57":1,"58":138,"59":138,"60":133,"61":138,"62":1,"63":1},"f":{"0":1,"1":0,"2":136,"3":21,"4":6,"5":7,"6":11,"7":7,"8":3,"9":138},"b":{"0":[3,133],"1":[136,0],"2":[75,61],"3":[116,20],"4":[135,1],"5":[133,2],"6":[124,12],"7":[105,31],"8":[127,9],"9":[15,121],"10":[4,3],"11":[9,2],"12":[133,5]},"_coverageSchema":"332fd63041d2c1bcb487cc26dd0d5f7d97098a6c","hash":"19af05fa42e73057c5139e4a77367ff6373cb1f4","contentHash":"fbc7104224d9e6839f1ec12758776992_11.3.0"},"c:\\github\\gareththegeek\\corewar\\Simulator.tests\\tests\\DataHelper.ts":{"path":"c:\\github\\gareththegeek\\corewar\\Simulator.tests\\tests\\DataHelper.ts","statementMap":{"0":{"start":{"line":2,"column":0},"end":{"line":2,"column":62}},"1":{"start":{"line":4,"column":15},"end":{"line":4,"column":75}},"2":{"start":{"line":5,"column":0},"end":{"line":5,"column":13}},"3":{"start":{"line":6,"column":32},"end":{"line":75,"column":3}},"4":{"start":{"line":9,"column":4},"end":{"line":19,"column":6}},"5":{"start":{"line":10,"column":8},"end":{"line":18,"column":10}},"6":{"start":{"line":20,"column":4},"end":{"line":26,"column":6}},"7":{"start":{"line":21,"column":8},"end":{"line":25,"column":10}},"8":{"start":{"line":27,"column":4},"end":{"line":38,"column":6}},"9":{"start":{"line":28,"column":8},"end":{"line":37,"column":10}},"10":{"start":{"line":39,"column":4},"end":{"line":48,"column":6}},"11":{"start":{"line":40,"column":8},"end":{"line":47,"column":10}},"12":{"start":{"line":49,"column":4},"end":{"line":54,"column":6}},"13":{"start":{"line":50,"column":8},"end":{"line":53,"column":10}},"14":{"start":{"line":55,"column":4},"end":{"line":69,"column":6}},"15":{"start":{"line":56,"column":8},"end":{"line":68,"column":10}},"16":{"start":{"line":70,"column":4},"end":{"line":73,"column":6}},"17":{"start":{"line":74,"column":4},"end":{"line":74,"column":22}},"18":{"start":{"line":76,"column":0},"end":{"line":76,"column":29}}},"fnMap":{"0":{"name":"(anonymous_0)","decl":{"start":{"line":6,"column":32},"end":{"line":6,"column":33}},"loc":{"start":{"line":6,"column":44},"end":{"line":75,"column":1}},"line":6},"1":{"name":"DataHelper","decl":{"start":{"line":7,"column":13},"end":{"line":7,"column":23}},"loc":{"start":{"line":7,"column":26},"end":{"line":8,"column":5}},"line":7},"2":{"name":"(anonymous_2)","decl":{"start":{"line":9,"column":34},"end":{"line":9,"column":35}},"loc":{"start":{"line":9,"column":52},"end":{"line":19,"column":5}},"line":9},"3":{"name":"(anonymous_3)","decl":{"start":{"line":20,"column":28},"end":{"line":20,"column":29}},"loc":{"start":{"line":20,"column":56},"end":{"line":26,"column":5}},"line":20},"4":{"name":"(anonymous_4)","decl":{"start":{"line":27,"column":29},"end":{"line":27,"column":30}},"loc":{"start":{"line":27,"column":89},"end":{"line":38,"column":5}},"line":27},"5":{"name":"(anonymous_5)","decl":{"start":{"line":39,"column":30},"end":{"line":39,"column":31}},"loc":{"start":{"line":39,"column":42},"end":{"line":48,"column":5}},"line":39},"6":{"name":"(anonymous_6)","decl":{"start":{"line":49,"column":27},"end":{"line":49,"column":28}},"loc":{"start":{"line":49,"column":39},"end":{"line":54,"column":5}},"line":49},"7":{"name":"(anonymous_7)","decl":{"start":{"line":55,"column":34},"end":{"line":55,"column":35}},"loc":{"start":{"line":55,"column":105},"end":{"line":69,"column":5}},"line":55}},"branchMap":{},"s":{"0":1,"1":1,"2":1,"3":1,"4":1,"5":30,"6":1,"7":152,"8":1,"9":19,"10":1,"11":8,"12":1,"13":9,"14":1,"15":31,"16":1,"17":1,"18":1},"f":{"0":1,"1":0,"2":30,"3":152,"4":19,"5":8,"6":9,"7":31},"b":{},"_coverageSchema":"332fd63041d2c1bcb487cc26dd0d5f7d97098a6c","hash":"f8e8f813a5af2b80e998079c216a1dbed659ef0e","contentHash":"f34074f69495a28ac8ba0603241f97cf_11.3.0"},"c:\\github\\gareththegeek\\corewar\\Parser.tests\\tests\\AddressModPassTests.ts":{"path":"c:\\github\\gareththegeek\\corewar\\Parser.tests\\tests\\AddressModPassTests.ts","statementMap":{"0":{"start":{"line":2,"column":0},"end":{"line":2,"column":62}},"1":{"start":{"line":4,"column":19},"end":{"line":4,"column":42}},"2":{"start":{"line":5,"column":16},"end":{"line":5,"column":55}},"3":{"start":{"line":6,"column":23},"end":{"line":6,"column":69}},"4":{"start":{"line":7,"column":15},"end":{"line":7,"column":53}},"5":{"start":{"line":8,"column":15},"end":{"line":8,"column":65}},"6":{"start":{"line":9,"column":8},"end":{"line":9,"column":29}},"7":{"start":{"line":10,"column":0},"end":{"line":10,"column":13}},"8":{"start":{"line":11,"column":0},"end":{"line":47,"column":3}},"9":{"start":{"line":12,"column":4},"end":{"line":26,"column":7}},"10":{"start":{"line":13,"column":21},"end":{"line":14,"column":123}},"11":{"start":{"line":15,"column":22},"end":{"line":15,"column":45}},"12":{"start":{"line":16,"column":8},"end":{"line":16,"column":40}},"13":{"start":{"line":17,"column":19},"end":{"line":17,"column":56}},"14":{"start":{"line":18,"column":21},"end":{"line":18,"column":74}},"15":{"start":{"line":19,"column":8},"end":{"line":19,"column":47}},"16":{"start":{"line":20,"column":8},"end":{"line":20,"column":57}},"17":{"start":{"line":21,"column":8},"end":{"line":25,"column":9}},"18":{"start":{"line":22,"column":12},"end":{"line":22,"column":71}},"19":{"start":{"line":23,"column":12},"end":{"line":23,"column":67}},"20":{"start":{"line":24,"column":12},"end":{"line":24,"column":74}},"21":{"start":{"line":27,"column":4},"end":{"line":46,"column":7}},"22":{"start":{"line":28,"column":21},"end":{"line":31,"column":108}},"23":{"start":{"line":32,"column":22},"end":{"line":32,"column":45}},"24":{"start":{"line":33,"column":8},"end":{"line":33,"column":40}},"25":{"start":{"line":34,"column":19},"end":{"line":34,"column":56}},"26":{"start":{"line":35,"column":21},"end":{"line":35,"column":104}},"27":{"start":{"line":36,"column":8},"end":{"line":36,"column":47}},"28":{"start":{"line":37,"column":24},"end":{"line":37,"column":91}},"29":{"start":{"line":38,"column":8},"end":{"line":38,"column":46}},"30":{"start":{"line":39,"column":8},"end":{"line":39,"column":46}},"31":{"start":{"line":40,"column":8},"end":{"line":40,"column":46}},"32":{"start":{"line":41,"column":8},"end":{"line":41,"column":47}},"33":{"start":{"line":42,"column":8},"end":{"line":42,"column":47}},"34":{"start":{"line":43,"column":8},"end":{"line":43,"column":46}},"35":{"start":{"line":44,"column":8},"end":{"line":44,"column":46}},"36":{"start":{"line":45,"column":8},"end":{"line":45,"column":46}}},"fnMap":{"0":{"name":"(anonymous_0)","decl":{"start":{"line":11,"column":27},"end":{"line":11,"column":28}},"loc":{"start":{"line":11,"column":39},"end":{"line":47,"column":1}},"line":11},"1":{"name":"(anonymous_1)","decl":{"start":{"line":12,"column":84},"end":{"line":12,"column":85}},"loc":{"start":{"line":12,"column":96},"end":{"line":26,"column":5}},"line":12},"2":{"name":"(anonymous_2)","decl":{"start":{"line":27,"column":60},"end":{"line":27,"column":61}},"loc":{"start":{"line":27,"column":72},"end":{"line":46,"column":5}},"line":27}},"branchMap":{},"s":{"0":1,"1":1,"2":1,"3":1,"4":1,"5":1,"6":1,"7":1,"8":1,"9":1,"10":1,"11":1,"12":1,"13":1,"14":1,"15":1,"16":1,"17":1,"18":2,"19":2,"20":2,"21":1,"22":1,"23":1,"24":1,"25":1,"26":1,"27":1,"28":1,"29":1,"30":0,"31":0,"32":0,"33":0,"34":0,"35":0,"36":0},"f":{"0":1,"1":1,"2":1},"b":{},"_coverageSchema":"332fd63041d2c1bcb487cc26dd0d5f7d97098a6c","hash":"2958a2d79d8fc6e513bd3f794aa90d103ffa1b74","contentHash":"703a3db81e54416eb8d9486bfc115db8_11.3.0"},"c:\\github\\gareththegeek\\corewar\\Corewar\\Parser\\Context.ts":{"path":"c:\\github\\gareththegeek\\corewar\\Corewar\\Parser\\Context.ts","statementMap":{"0":{"start":{"line":2,"column":0},"end":{"line":2,"column":62}},"1":{"start":{"line":3,"column":29},"end":{"line":58,"column":3}},"2":{"start":{"line":5,"column":8},"end":{"line":9,"column":10}},"3":{"start":{"line":10,"column":8},"end":{"line":10,"column":23}},"4":{"start":{"line":11,"column":8},"end":{"line":11,"column":25}},"5":{"start":{"line":12,"column":8},"end":{"line":12,"column":25}},"6":{"start":{"line":13,"column":8},"end":{"line":13,"column":27}},"7":{"start":{"line":15,"column":4},"end":{"line":17,"column":6}},"8":{"start":{"line":16,"column":8},"end":{"line":16,"column":32}},"9":{"start":{"line":18,"column":4},"end":{"line":20,"column":6}},"10":{"start":{"line":19,"column":8},"end":{"line":19,"column":49}},"11":{"start":{"line":21,"column":4},"end":{"line":23,"column":6}},"12":{"start":{"line":22,"column":8},"end":{"line":22,"column":68}},"13":{"start":{"line":24,"column":4},"end":{"line":56,"column":6}},"14":{"start":{"line":25,"column":8},"end":{"line":27,"column":9}},"15":{"start":{"line":26,"column":12},"end":{"line":26,"column":49}},"16":{"start":{"line":28,"column":8},"end":{"line":30,"column":9}},"17":{"start":{"line":29,"column":12},"end":{"line":29,"column":51}},"18":{"start":{"line":31,"column":8},"end":{"line":38,"column":9}},"19":{"start":{"line":32,"column":12},"end":{"line":34,"column":13}},"20":{"start":{"line":33,"column":16},"end":{"line":33,"column":60}},"21":{"start":{"line":35,"column":12},"end":{"line":37,"column":13}},"22":{"start":{"line":36,"column":16},"end":{"line":36,"column":63}},"23":{"start":{"line":39,"column":8},"end":{"line":41,"column":9}},"24":{"start":{"line":40,"column":12},"end":{"line":40,"column":48}},"25":{"start":{"line":42,"column":8},"end":{"line":49,"column":9}},"26":{"start":{"line":43,"column":12},"end":{"line":45,"column":13}},"27":{"start":{"line":44,"column":16},"end":{"line":44,"column":60}},"28":{"start":{"line":46,"column":12},"end":{"line":48,"column":13}},"29":{"start":{"line":47,"column":16},"end":{"line":47,"column":63}},"30":{"start":{"line":50,"column":8},"end":{"line":52,"column":9}},"31":{"start":{"line":51,"column":12},"end":{"line":51,"column":50}},"32":{"start":{"line":53,"column":8},"end":{"line":55,"column":9}},"33":{"start":{"line":54,"column":12},"end":{"line":54,"column":46}},"34":{"start":{"line":57,"column":4},"end":{"line":57,"column":19}},"35":{"start":{"line":59,"column":0},"end":{"line":59,"column":26}}},"fnMap":{"0":{"name":"(anonymous_0)","decl":{"start":{"line":3,"column":29},"end":{"line":3,"column":30}},"loc":{"start":{"line":3,"column":41},"end":{"line":58,"column":1}},"line":3},"1":{"name":"Context","decl":{"start":{"line":4,"column":13},"end":{"line":4,"column":20}},"loc":{"start":{"line":4,"column":23},"end":{"line":14,"column":5}},"line":4},"2":{"name":"(anonymous_2)","decl":{"start":{"line":15,"column":35},"end":{"line":15,"column":36}},"loc":{"start":{"line":15,"column":52},"end":{"line":17,"column":5}},"line":15},"3":{"name":"(anonymous_3)","decl":{"start":{"line":18,"column":29},"end":{"line":18,"column":30}},"loc":{"start":{"line":18,"column":47},"end":{"line":20,"column":5}},"line":18},"4":{"name":"(anonymous_4)","decl":{"start":{"line":21,"column":33},"end":{"line":21,"column":34}},"loc":{"start":{"line":21,"column":54},"end":{"line":23,"column":5}},"line":21},"5":{"name":"(anonymous_5)","decl":{"start":{"line":24,"column":40},"end":{"line":24,"column":41}},"loc":{"start":{"line":24,"column":63},"end":{"line":56,"column":5}},"line":24}},"branchMap":{"0":{"loc":{"start":{"line":22,"column":18},"end":{"line":22,"column":65}},"type":"binary-expr","locations":[{"start":{"line":22,"column":18},"end":{"line":22,"column":42}},{"start":{"line":22,"column":46},"end":{"line":22,"column":65}}],"line":22},"1":{"loc":{"start":{"line":25,"column":8},"end":{"line":27,"column":9}},"type":"if","locations":[{"start":{"line":25,"column":8},"end":{"line":27,"column":9}},{"start":{"line":25,"column":8},"end":{"line":27,"column":9}}],"line":25},"2":{"loc":{"start":{"line":28,"column":8},"end":{"line":30,"column":9}},"type":"if","locations":[{"start":{"line":28,"column":8},"end":{"line":30,"column":9}},{"start":{"line":28,"column":8},"end":{"line":30,"column":9}}],"line":28},"3":{"loc":{"start":{"line":31,"column":8},"end":{"line":38,"column":9}},"type":"if","locations":[{"start":{"line":31,"column":8},"end":{"line":38,"column":9}},{"start":{"line":31,"column":8},"end":{"line":38,"column":9}}],"line":31},"4":{"loc":{"start":{"line":32,"column":12},"end":{"line":34,"column":13}},"type":"if","locations":[{"start":{"line":32,"column":12},"end":{"line":34,"column":13}},{"start":{"line":32,"column":12},"end":{"line":34,"column":13}}],"line":32},"5":{"loc":{"start":{"line":35,"column":12},"end":{"line":37,"column":13}},"type":"if","locations":[{"start":{"line":35,"column":12},"end":{"line":37,"column":13}},{"start":{"line":35,"column":12},"end":{"line":37,"column":13}}],"line":35},"6":{"loc":{"start":{"line":39,"column":8},"end":{"line":41,"column":9}},"type":"if","locations":[{"start":{"line":39,"column":8},"end":{"line":41,"column":9}},{"start":{"line":39,"column":8},"end":{"line":41,"column":9}}],"line":39},"7":{"loc":{"start":{"line":42,"column":8},"end":{"line":49,"column":9}},"type":"if","locations":[{"start":{"line":42,"column":8},"end":{"line":49,"column":9}},{"start":{"line":42,"column":8},"end":{"line":49,"column":9}}],"line":42},"8":{"loc":{"start":{"line":43,"column":12},"end":{"line":45,"column":13}},"type":"if","locations":[{"start":{"line":43,"column":12},"end":{"line":45,"column":13}},{"start":{"line":43,"column":12},"end":{"line":45,"column":13}}],"line":43},"9":{"loc":{"start":{"line":46,"column":12},"end":{"line":48,"column":13}},"type":"if","locations":[{"start":{"line":46,"column":12},"end":{"line":48,"column":13}},{"start":{"line":46,"column":12},"end":{"line":48,"column":13}}],"line":46},"10":{"loc":{"start":{"line":50,"column":8},"end":{"line":52,"column":9}},"type":"if","locations":[{"start":{"line":50,"column":8},"end":{"line":52,"column":9}},{"start":{"line":50,"column":8},"end":{"line":52,"column":9}}],"line":50},"11":{"loc":{"start":{"line":53,"column":8},"end":{"line":55,"column":9}},"type":"if","locations":[{"start":{"line":53,"column":8},"end":{"line":55,"column":9}},{"start":{"line":53,"column":8},"end":{"line":55,"column":9}}],"line":53}},"s":{"0":1,"1":1,"2":208,"3":208,"4":208,"5":208,"6":208,"7":1,"8":285,"9":1,"10":235,"11":1,"12":25,"13":1,"14":25,"15":0,"16":0,"17":0,"18":0,"19":0,"20":0,"21":0,"22":0,"23":0,"24":0,"25":0,"26":0,"27":0,"28":0,"29":0,"30":0,"31":0,"32":0,"33":0,"34":1,"35":1},"f":{"0":1,"1":208,"2":285,"3":235,"4":25,"5":25},"b":{"0":[25,0],"1":[0,0],"2":[0,0],"3":[0,0],"4":[0,0],"5":[0,0],"6":[0,0],"7":[0,0],"8":[0,0],"9":[0,0],"10":[0,0],"11":[0,0]},"_coverageSchema":"332fd63041d2c1bcb487cc26dd0d5f7d97098a6c","hash":"27f4aad349571845edb3fe75cee002c88d1b0d70","contentHash":"9032db1867217b7278db23bc6c203c60_11.3.0"},"c:\\github\\gareththegeek\\corewar\\Corewar\\Parser\\AddressModPass.ts":{"path":"c:\\github\\gareththegeek\\corewar\\Corewar\\Parser\\AddressModPass.ts","statementMap":{"0":{"start":{"line":2,"column":16},"end":{"line":11,"column":4}},"1":{"start":{"line":3,"column":24},"end":{"line":5,"column":82}},"2":{"start":{"line":4,"column":65},"end":{"line":4,"column":81}},"3":{"start":{"line":5,"column":26},"end":{"line":5,"column":80}},"4":{"start":{"line":5,"column":43},"end":{"line":5,"column":80}},"5":{"start":{"line":5,"column":68},"end":{"line":5,"column":80}},"6":{"start":{"line":6,"column":4},"end":{"line":10,"column":6}},"7":{"start":{"line":7,"column":8},"end":{"line":7,"column":28}},"8":{"start":{"line":8,"column":24},"end":{"line":8,"column":45}},"9":{"start":{"line":9,"column":8},"end":{"line":9,"column":93}},"10":{"start":{"line":12,"column":0},"end":{"line":12,"column":62}},"11":{"start":{"line":13,"column":15},"end":{"line":13,"column":44}},"12":{"start":{"line":14,"column":17},"end":{"line":14,"column":38}},"13":{"start":{"line":15,"column":36},"end":{"line":67,"column":22}},"14":{"start":{"line":16,"column":4},"end":{"line":16,"column":38}},"15":{"start":{"line":18,"column":8},"end":{"line":18,"column":72}},"16":{"start":{"line":20,"column":4},"end":{"line":31,"column":6}},"17":{"start":{"line":23,"column":8},"end":{"line":30,"column":9}},"18":{"start":{"line":24,"column":12},"end":{"line":29,"column":13}},"19":{"start":{"line":25,"column":16},"end":{"line":25,"column":42}},"20":{"start":{"line":28,"column":16},"end":{"line":28,"column":59}},"21":{"start":{"line":32,"column":4},"end":{"line":54,"column":6}},"22":{"start":{"line":34,"column":26},"end":{"line":46,"column":9}},"23":{"start":{"line":47,"column":8},"end":{"line":49,"column":9}},"24":{"start":{"line":48,"column":12},"end":{"line":48,"column":53}},"25":{"start":{"line":50,"column":8},"end":{"line":50,"column":45}},"26":{"start":{"line":51,"column":8},"end":{"line":51,"column":48}},"27":{"start":{"line":52,"column":8},"end":{"line":52,"column":48}},"28":{"start":{"line":53,"column":8},"end":{"line":53,"column":50}},"29":{"start":{"line":55,"column":4},"end":{"line":65,"column":6}},"30":{"start":{"line":56,"column":22},"end":{"line":56,"column":58}},"31":{"start":{"line":57,"column":8},"end":{"line":57,"column":41}},"32":{"start":{"line":58,"column":8},"end":{"line":63,"column":9}},"33":{"start":{"line":59,"column":12},"end":{"line":59,"column":45}},"34":{"start":{"line":61,"column":13},"end":{"line":63,"column":9}},"35":{"start":{"line":62,"column":12},"end":{"line":62,"column":45}},"36":{"start":{"line":64,"column":8},"end":{"line":64,"column":52}},"37":{"start":{"line":66,"column":4},"end":{"line":66,"column":26}},"38":{"start":{"line":68,"column":0},"end":{"line":68,"column":40}}},"fnMap":{"0":{"name":"(anonymous_0)","decl":{"start":{"line":2,"column":45},"end":{"line":2,"column":46}},"loc":{"start":{"line":2,"column":57},"end":{"line":11,"column":1}},"line":2},"1":{"name":"(anonymous_1)","decl":{"start":{"line":4,"column":47},"end":{"line":4,"column":48}},"loc":{"start":{"line":4,"column":63},"end":{"line":4,"column":83}},"line":4},"2":{"name":"(anonymous_2)","decl":{"start":{"line":5,"column":8},"end":{"line":5,"column":9}},"loc":{"start":{"line":5,"column":24},"end":{"line":5,"column":82}},"line":5},"3":{"name":"(anonymous_3)","decl":{"start":{"line":6,"column":11},"end":{"line":6,"column":12}},"loc":{"start":{"line":6,"column":27},"end":{"line":10,"column":5}},"line":6},"4":{"name":"__","decl":{"start":{"line":8,"column":17},"end":{"line":8,"column":19}},"loc":{"start":{"line":8,"column":22},"end":{"line":8,"column":47}},"line":8},"5":{"name":"(anonymous_5)","decl":{"start":{"line":15,"column":36},"end":{"line":15,"column":37}},"loc":{"start":{"line":15,"column":54},"end":{"line":67,"column":1}},"line":15},"6":{"name":"AddressModPass","decl":{"start":{"line":17,"column":13},"end":{"line":17,"column":27}},"loc":{"start":{"line":17,"column":30},"end":{"line":19,"column":5}},"line":17},"7":{"name":"(anonymous_7)","decl":{"start":{"line":20,"column":43},"end":{"line":20,"column":44}},"loc":{"start":{"line":20,"column":55},"end":{"line":31,"column":5}},"line":20},"8":{"name":"(anonymous_8)","decl":{"start":{"line":32,"column":50},"end":{"line":32,"column":51}},"loc":{"start":{"line":32,"column":62},"end":{"line":54,"column":5}},"line":32},"9":{"name":"(anonymous_9)","decl":{"start":{"line":55,"column":44},"end":{"line":55,"column":45}},"loc":{"start":{"line":55,"column":63},"end":{"line":65,"column":5}},"line":55}},"branchMap":{"0":{"loc":{"start":{"line":2,"column":16},"end":{"line":11,"column":4}},"type":"binary-expr","locations":[{"start":{"line":2,"column":17},"end":{"line":2,"column":21}},{"start":{"line":2,"column":25},"end":{"line":2,"column":39}},{"start":{"line":2,"column":44},"end":{"line":11,"column":4}}],"line":2},"1":{"loc":{"start":{"line":3,"column":24},"end":{"line":5,"column":82}},"type":"binary-expr","locations":[{"start":{"line":3,"column":24},"end":{"line":3,"column":45}},{"start":{"line":4,"column":9},"end":{"line":4,"column":43}},{"start":{"line":4,"column":47},"end":{"line":4,"column":83}},{"start":{"line":5,"column":8},"end":{"line":5,"column":82}}],"line":3},"2":{"loc":{"start":{"line":5,"column":43},"end":{"line":5,"column":80}},"type":"if","locations":[{"start":{"line":5,"column":43},"end":{"line":5,"column":80}},{"start":{"line":5,"column":43},"end":{"line":5,"column":80}}],"line":5},"3":{"loc":{"start":{"line":9,"column":22},"end":{"line":9,"column":92}},"type":"cond-expr","locations":[{"start":{"line":9,"column":35},"end":{"line":9,"column":51}},{"start":{"line":9,"column":55},"end":{"line":9,"column":91}}],"line":9},"4":{"loc":{"start":{"line":18,"column":15},"end":{"line":18,"column":71}},"type":"binary-expr","locations":[{"start":{"line":18,"column":15},"end":{"line":18,"column":30}},{"start":{"line":18,"column":34},"end":{"line":18,"column":63}},{"start":{"line":18,"column":67},"end":{"line":18,"column":71}}],"line":18},"5":{"loc":{"start":{"line":24,"column":12},"end":{"line":29,"column":13}},"type":"if","locations":[{"start":{"line":24,"column":12},"end":{"line":29,"column":13}},{"start":{"line":24,"column":12},"end":{"line":29,"column":13}}],"line":24},"6":{"loc":{"start":{"line":47,"column":8},"end":{"line":49,"column":9}},"type":"if","locations":[{"start":{"line":47,"column":8},"end":{"line":49,"column":9}},{"start":{"line":47,"column":8},"end":{"line":49,"column":9}}],"line":47},"7":{"loc":{"start":{"line":58,"column":8},"end":{"line":63,"column":9}},"type":"if","locations":[{"start":{"line":58,"column":8},"end":{"line":63,"column":9}},{"start":{"line":58,"column":8},"end":{"line":63,"column":9}}],"line":58},"8":{"loc":{"start":{"line":61,"column":13},"end":{"line":63,"column":9}},"type":"if","locations":[{"start":{"line":61,"column":13},"end":{"line":63,"column":9}},{"start":{"line":61,"column":13},"end":{"line":63,"column":9}}],"line":61}},"s":{"0":1,"1":1,"2":0,"3":0,"4":0,"5":0,"6":1,"7":1,"8":1,"9":1,"10":1,"11":1,"12":1,"13":1,"14":1,"15":2,"16":1,"17":3,"18":4,"19":3,"20":1,"21":1,"22":3,"23":3,"24":1,"25":3,"26":3,"27":3,"28":3,"29":1,"30":6,"31":6,"32":6,"33":0,"34":6,"35":1,"36":6,"37":1,"38":1},"f":{"0":1,"1":0,"2":0,"3":1,"4":1,"5":1,"6":2,"7":3,"8":3,"9":6},"b":{"0":[1,1,1],"1":[1,0,0,0],"2":[0,0],"3":[0,1],"4":[2,2,2],"5":[3,1],"6":[1,2],"7":[0,6],"8":[1,5]},"_coverageSchema":"332fd63041d2c1bcb487cc26dd0d5f7d97098a6c","hash":"5a8bafa58f8c72695b9446a0805ba659370acb7f","contentHash":"7cac25ff977e3b3dbb0db97c33ec883a_11.3.0"},"c:\\github\\gareththegeek\\corewar\\Corewar\\Parser\\PassBase.ts":{"path":"c:\\github\\gareththegeek\\corewar\\Corewar\\Parser\\PassBase.ts","statementMap":{"0":{"start":{"line":2,"column":0},"end":{"line":2,"column":62}},"1":{"start":{"line":3,"column":20},"end":{"line":3,"column":44}},"2":{"start":{"line":4,"column":30},"end":{"line":34,"column":3}},"3":{"start":{"line":7,"column":4},"end":{"line":19,"column":6}},"4":{"start":{"line":13,"column":8},"end":{"line":13,"column":31}},"5":{"start":{"line":14,"column":8},"end":{"line":14,"column":86}},"6":{"start":{"line":15,"column":8},"end":{"line":15,"column":33}},"7":{"start":{"line":16,"column":8},"end":{"line":16,"column":31}},"8":{"start":{"line":17,"column":8},"end":{"line":17,"column":28}},"9":{"start":{"line":18,"column":8},"end":{"line":18,"column":28}},"10":{"start":{"line":20,"column":4},"end":{"line":29,"column":6}},"11":{"start":{"line":21,"column":8},"end":{"line":28,"column":9}},"12":{"start":{"line":22,"column":12},"end":{"line":27,"column":13}},"13":{"start":{"line":23,"column":16},"end":{"line":23,"column":35}},"14":{"start":{"line":26,"column":16},"end":{"line":26,"column":40}},"15":{"start":{"line":30,"column":4},"end":{"line":32,"column":6}},"16":{"start":{"line":31,"column":8},"end":{"line":31,"column":70}},"17":{"start":{"line":33,"column":4},"end":{"line":33,"column":20}},"18":{"start":{"line":35,"column":0},"end":{"line":35,"column":28}}},"fnMap":{"0":{"name":"(anonymous_0)","decl":{"start":{"line":4,"column":30},"end":{"line":4,"column":31}},"loc":{"start":{"line":4,"column":42},"end":{"line":34,"column":1}},"line":4},"1":{"name":"PassBase","decl":{"start":{"line":5,"column":13},"end":{"line":5,"column":21}},"loc":{"start":{"line":5,"column":24},"end":{"line":6,"column":5}},"line":5},"2":{"name":"(anonymous_2)","decl":{"start":{"line":7,"column":33},"end":{"line":7,"column":34}},"loc":{"start":{"line":7,"column":61},"end":{"line":19,"column":5}},"line":7},"3":{"name":"(anonymous_3)","decl":{"start":{"line":20,"column":38},"end":{"line":20,"column":39}},"loc":{"start":{"line":20,"column":50},"end":{"line":29,"column":5}},"line":20},"4":{"name":"(anonymous_4)","decl":{"start":{"line":30,"column":37},"end":{"line":30,"column":38}},"loc":{"start":{"line":30,"column":49},"end":{"line":32,"column":5}},"line":30}},"branchMap":{},"s":{"0":1,"1":1,"2":1,"3":1,"4":131,"5":131,"6":131,"7":131,"8":131,"9":131,"10":1,"11":131,"12":242,"13":242,"14":55,"15":1,"16":0,"17":1,"18":1},"f":{"0":1,"1":131,"2":131,"3":131,"4":0},"b":{},"_coverageSchema":"332fd63041d2c1bcb487cc26dd0d5f7d97098a6c","hash":"70b5fdf1cd090be99d639ca5e1425375d2bbc34a","contentHash":"61a7ac9b4ddb99acb63e34f48e397d92_11.3.0"},"c:\\github\\gareththegeek\\corewar\\Corewar\\Parser\\TokenStream.ts":{"path":"c:\\github\\gareththegeek\\corewar\\Corewar\\Parser\\TokenStream.ts","statementMap":{"0":{"start":{"line":2,"column":0},"end":{"line":2,"column":62}},"1":{"start":{"line":3,"column":15},"end":{"line":3,"column":44}},"2":{"start":{"line":4,"column":17},"end":{"line":4,"column":48}},"3":{"start":{"line":5,"column":20},"end":{"line":5,"column":44}},"4":{"start":{"line":6,"column":33},"end":{"line":76,"column":3}},"5":{"start":{"line":8,"column":8},"end":{"line":8,"column":26}},"6":{"start":{"line":9,"column":8},"end":{"line":9,"column":29}},"7":{"start":{"line":10,"column":8},"end":{"line":10,"column":33}},"8":{"start":{"line":12,"column":4},"end":{"line":14,"column":6}},"9":{"start":{"line":13,"column":8},"end":{"line":13,"column":51}},"10":{"start":{"line":15,"column":4},"end":{"line":17,"column":6}},"11":{"start":{"line":16,"column":8},"end":{"line":16,"column":42}},"12":{"start":{"line":18,"column":4},"end":{"line":20,"column":6}},"13":{"start":{"line":19,"column":8},"end":{"line":19,"column":44}},"14":{"start":{"line":21,"column":4},"end":{"line":31,"column":6}},"15":{"start":{"line":22,"column":21},"end":{"line":22,"column":23}},"16":{"start":{"line":23,"column":8},"end":{"line":29,"column":9}},"17":{"start":{"line":24,"column":24},"end":{"line":24,"column":35}},"18":{"start":{"line":25,"column":12},"end":{"line":25,"column":31}},"19":{"start":{"line":26,"column":12},"end":{"line":28,"column":13}},"20":{"start":{"line":27,"column":16},"end":{"line":27,"column":22}},"21":{"start":{"line":30,"column":8},"end":{"line":30,"column":22}},"22":{"start":{"line":32,"column":4},"end":{"line":38,"column":6}},"23":{"start":{"line":33,"column":8},"end":{"line":37,"column":11}},"24":{"start":{"line":39,"column":4},"end":{"line":48,"column":6}},"25":{"start":{"line":40,"column":8},"end":{"line":42,"column":9}},"26":{"start":{"line":41,"column":12},"end":{"line":41,"column":92}},"27":{"start":{"line":43,"column":20},"end":{"line":43,"column":31}},"28":{"start":{"line":44,"column":8},"end":{"line":46,"column":9}},"29":{"start":{"line":45,"column":12},"end":{"line":45,"column":53}},"30":{"start":{"line":47,"column":8},"end":{"line":47,"column":21}},"31":{"start":{"line":49,"column":4},"end":{"line":58,"column":6}},"32":{"start":{"line":50,"column":8},"end":{"line":52,"column":9}},"33":{"start":{"line":51,"column":12},"end":{"line":51,"column":138}},"34":{"start":{"line":53,"column":20},"end":{"line":53,"column":31}},"35":{"start":{"line":54,"column":8},"end":{"line":56,"column":9}},"36":{"start":{"line":55,"column":12},"end":{"line":55,"column":87}},"37":{"start":{"line":57,"column":8},"end":{"line":57,"column":21}},"38":{"start":{"line":59,"column":4},"end":{"line":66,"column":6}},"39":{"start":{"line":60,"column":8},"end":{"line":64,"column":11}},"40":{"start":{"line":65,"column":8},"end":{"line":65,"column":17}},"41":{"start":{"line":67,"column":4},"end":{"line":74,"column":6}},"42":{"start":{"line":68,"column":8},"end":{"line":72,"column":11}},"43":{"start":{"line":73,"column":8},"end":{"line":73,"column":17}},"44":{"start":{"line":75,"column":4},"end":{"line":75,"column":23}},"45":{"start":{"line":77,"column":0},"end":{"line":77,"column":34}}},"fnMap":{"0":{"name":"(anonymous_0)","decl":{"start":{"line":6,"column":33},"end":{"line":6,"column":34}},"loc":{"start":{"line":6,"column":45},"end":{"line":76,"column":1}},"line":6},"1":{"name":"TokenStream","decl":{"start":{"line":7,"column":13},"end":{"line":7,"column":24}},"loc":{"start":{"line":7,"column":43},"end":{"line":11,"column":5}},"line":7},"2":{"name":"(anonymous_2)","decl":{"start":{"line":12,"column":32},"end":{"line":12,"column":33}},"loc":{"start":{"line":12,"column":44},"end":{"line":14,"column":5}},"line":12},"3":{"name":"(anonymous_3)","decl":{"start":{"line":15,"column":33},"end":{"line":15,"column":34}},"loc":{"start":{"line":15,"column":45},"end":{"line":17,"column":5}},"line":15},"4":{"name":"(anonymous_4)","decl":{"start":{"line":18,"column":33},"end":{"line":18,"column":34}},"loc":{"start":{"line":18,"column":45},"end":{"line":20,"column":5}},"line":18},"5":{"name":"(anonymous_5)","decl":{"start":{"line":21,"column":38},"end":{"line":21,"column":39}},"loc":{"start":{"line":21,"column":50},"end":{"line":31,"column":5}},"line":21},"6":{"name":"(anonymous_6)","decl":{"start":{"line":32,"column":33},"end":{"line":32,"column":34}},"loc":{"start":{"line":32,"column":59},"end":{"line":38,"column":5}},"line":32},"7":{"name":"(anonymous_7)","decl":{"start":{"line":39,"column":39},"end":{"line":39,"column":40}},"loc":{"start":{"line":39,"column":57},"end":{"line":48,"column":5}},"line":39},"8":{"name":"(anonymous_8)","decl":{"start":{"line":49,"column":35},"end":{"line":49,"column":36}},"loc":{"start":{"line":49,"column":55},"end":{"line":58,"column":5}},"line":49},"9":{"name":"(anonymous_9)","decl":{"start":{"line":59,"column":37},"end":{"line":59,"column":38}},"loc":{"start":{"line":59,"column":62},"end":{"line":66,"column":5}},"line":59},"10":{"name":"(anonymous_10)","decl":{"start":{"line":67,"column":34},"end":{"line":67,"column":35}},"loc":{"start":{"line":67,"column":60},"end":{"line":74,"column":5}},"line":67}},"branchMap":{"0":{"loc":{"start":{"line":26,"column":12},"end":{"line":28,"column":13}},"type":"if","locations":[{"start":{"line":26,"column":12},"end":{"line":28,"column":13}},{"start":{"line":26,"column":12},"end":{"line":28,"column":13}}],"line":26},"1":{"loc":{"start":{"line":40,"column":8},"end":{"line":42,"column":9}},"type":"if","locations":[{"start":{"line":40,"column":8},"end":{"line":42,"column":9}},{"start":{"line":40,"column":8},"end":{"line":42,"column":9}}],"line":40},"2":{"loc":{"start":{"line":44,"column":8},"end":{"line":46,"column":9}},"type":"if","locations":[{"start":{"line":44,"column":8},"end":{"line":46,"column":9}},{"start":{"line":44,"column":8},"end":{"line":46,"column":9}}],"line":44},"3":{"loc":{"start":{"line":50,"column":8},"end":{"line":52,"column":9}},"type":"if","locations":[{"start":{"line":50,"column":8},"end":{"line":52,"column":9}},{"start":{"line":50,"column":8},"end":{"line":52,"column":9}}],"line":50},"4":{"loc":{"start":{"line":54,"column":8},"end":{"line":56,"column":9}},"type":"if","locations":[{"start":{"line":54,"column":8},"end":{"line":56,"column":9}},{"start":{"line":54,"column":8},"end":{"line":56,"column":9}}],"line":54}},"s":{"0":1,"1":1,"2":1,"3":1,"4":1,"5":157,"6":157,"7":157,"8":1,"9":1717,"10":1,"11":971,"12":1,"13":2151,"14":1,"15":295,"16":295,"17":540,"18":540,"19":540,"20":280,"21":295,"22":1,"23":10,"24":1,"25":32,"26":1,"27":31,"28":31,"29":1,"30":30,"31":1,"32":450,"33":0,"34":450,"35":450,"36":13,"37":437,"38":1,"39":20,"40":20,"41":1,"42":12,"43":12,"44":1,"45":1},"f":{"0":1,"1":157,"2":1717,"3":971,"4":2151,"5":295,"6":10,"7":32,"8":450,"9":20,"10":12},"b":{"0":[280,260],"1":[1,31],"2":[1,30],"3":[0,450],"4":[13,437]},"_coverageSchema":"332fd63041d2c1bcb487cc26dd0d5f7d97098a6c","hash":"7322d53536ac16be584d1ed53291e2b066d42114","contentHash":"54f2f286d7e72a5a4a65b0f7e2d83dfa_11.3.0"},"c:\\github\\gareththegeek\\corewar\\Corewar\\Parser\\Interface\\IMessage.ts":{"path":"c:\\github\\gareththegeek\\corewar\\Corewar\\Parser\\Interface\\IMessage.ts","statementMap":{"0":{"start":{"line":2,"column":0},"end":{"line":2,"column":62}},"1":{"start":{"line":4,"column":0},"end":{"line":8,"column":68}},"2":{"start":{"line":5,"column":4},"end":{"line":5,"column":52}},"3":{"start":{"line":6,"column":4},"end":{"line":6,"column":56}},"4":{"start":{"line":7,"column":4},"end":{"line":7,"column":50}}},"fnMap":{"0":{"name":"(anonymous_0)","decl":{"start":{"line":4,"column":1},"end":{"line":4,"column":2}},"loc":{"start":{"line":4,"column":24},"end":{"line":8,"column":1}},"line":4}},"branchMap":{"0":{"loc":{"start":{"line":8,"column":17},"end":{"line":8,"column":66}},"type":"binary-expr","locations":[{"start":{"line":8,"column":17},"end":{"line":8,"column":36}},{"start":{"line":8,"column":41},"end":{"line":8,"column":65}}],"line":8}},"s":{"0":1,"1":1,"2":1,"3":1,"4":1},"f":{"0":1},"b":{"0":[1,1]},"_coverageSchema":"332fd63041d2c1bcb487cc26dd0d5f7d97098a6c","hash":"79fc55a96409f0fc19582b3afb8210a5970aeb8a","contentHash":"f05e0ad048cdbcea64068b2745c1cfb3_11.3.0"},"c:\\github\\gareththegeek\\corewar\\Corewar\\Parser\\Parser.ts":{"path":"c:\\github\\gareththegeek\\corewar\\Corewar\\Parser\\Parser.ts","statementMap":{"0":{"start":{"line":2,"column":0},"end":{"line":2,"column":62}},"1":{"start":{"line":3,"column":17},"end":{"line":3,"column":48}},"2":{"start":{"line":4,"column":22},"end":{"line":4,"column":58}},"3":{"start":{"line":5,"column":8},"end":{"line":5,"column":29}},"4":{"start":{"line":6,"column":28},"end":{"line":81,"column":3}},"5":{"start":{"line":8,"column":8},"end":{"line":8,"column":31}},"6":{"start":{"line":9,"column":8},"end":{"line":9,"column":29}},"7":{"start":{"line":10,"column":8},"end":{"line":10,"column":31}},"8":{"start":{"line":11,"column":8},"end":{"line":11,"column":55}},"9":{"start":{"line":12,"column":8},"end":{"line":12,"column":53}},"10":{"start":{"line":13,"column":8},"end":{"line":13,"column":51}},"11":{"start":{"line":14,"column":8},"end":{"line":14,"column":45}},"12":{"start":{"line":15,"column":8},"end":{"line":15,"column":41}},"13":{"start":{"line":16,"column":8},"end":{"line":16,"column":45}},"14":{"start":{"line":17,"column":8},"end":{"line":17,"column":39}},"15":{"start":{"line":18,"column":8},"end":{"line":18,"column":31}},"16":{"start":{"line":19,"column":8},"end":{"line":19,"column":39}},"17":{"start":{"line":20,"column":8},"end":{"line":20,"column":55}},"18":{"start":{"line":22,"column":4},"end":{"line":26,"column":6}},"19":{"start":{"line":23,"column":8},"end":{"line":25,"column":11}},"20":{"start":{"line":24,"column":12},"end":{"line":24,"column":65}},"21":{"start":{"line":27,"column":4},"end":{"line":75,"column":6}},"22":{"start":{"line":28,"column":8},"end":{"line":28,"column":67}},"23":{"start":{"line":29,"column":22},"end":{"line":29,"column":58}},"24":{"start":{"line":30,"column":8},"end":{"line":32,"column":9}},"25":{"start":{"line":31,"column":12},"end":{"line":31,"column":60}},"26":{"start":{"line":33,"column":8},"end":{"line":37,"column":9}},"27":{"start":{"line":34,"column":12},"end":{"line":36,"column":13}},"28":{"start":{"line":35,"column":16},"end":{"line":35,"column":65}},"29":{"start":{"line":38,"column":8},"end":{"line":40,"column":9}},"30":{"start":{"line":39,"column":12},"end":{"line":39,"column":73}},"31":{"start":{"line":41,"column":8},"end":{"line":43,"column":9}},"32":{"start":{"line":42,"column":12},"end":{"line":42,"column":72}},"33":{"start":{"line":44,"column":8},"end":{"line":46,"column":9}},"34":{"start":{"line":45,"column":12},"end":{"line":45,"column":71}},"35":{"start":{"line":47,"column":8},"end":{"line":49,"column":9}},"36":{"start":{"line":48,"column":12},"end":{"line":48,"column":68}},"37":{"start":{"line":50,"column":8},"end":{"line":52,"column":9}},"38":{"start":{"line":51,"column":12},"end":{"line":51,"column":66}},"39":{"start":{"line":53,"column":8},"end":{"line":55,"column":9}},"40":{"start":{"line":54,"column":12},"end":{"line":54,"column":68}},"41":{"start":{"line":56,"column":8},"end":{"line":58,"column":9}},"42":{"start":{"line":57,"column":12},"end":{"line":57,"column":61}},"43":{"start":{"line":59,"column":8},"end":{"line":61,"column":9}},"44":{"start":{"line":60,"column":12},"end":{"line":60,"column":65}},"45":{"start":{"line":62,"column":8},"end":{"line":64,"column":9}},"46":{"start":{"line":63,"column":12},"end":{"line":63,"column":65}},"47":{"start":{"line":65,"column":8},"end":{"line":69,"column":9}},"48":{"start":{"line":66,"column":12},"end":{"line":68,"column":13}},"49":{"start":{"line":67,"column":16},"end":{"line":67,"column":77}},"50":{"start":{"line":70,"column":8},"end":{"line":74,"column":10}},"51":{"start":{"line":76,"column":4},"end":{"line":79,"column":6}},"52":{"start":{"line":80,"column":4},"end":{"line":80,"column":18}},"53":{"start":{"line":82,"column":0},"end":{"line":82,"column":24}}},"fnMap":{"0":{"name":"(anonymous_0)","decl":{"start":{"line":6,"column":28},"end":{"line":6,"column":29}},"loc":{"start":{"line":6,"column":40},"end":{"line":81,"column":1}},"line":6},"1":{"name":"Parser","decl":{"start":{"line":7,"column":13},"end":{"line":7,"column":19}},"loc":{"start":{"line":7,"column":208},"end":{"line":21,"column":5}},"line":7},"2":{"name":"(anonymous_2)","decl":{"start":{"line":22,"column":32},"end":{"line":22,"column":33}},"loc":{"start":{"line":22,"column":51},"end":{"line":26,"column":5}},"line":22},"3":{"name":"(anonymous_3)","decl":{"start":{"line":23,"column":40},"end":{"line":23,"column":41}},"loc":{"start":{"line":23,"column":59},"end":{"line":25,"column":9}},"line":23},"4":{"name":"(anonymous_4)","decl":{"start":{"line":27,"column":29},"end":{"line":27,"column":30}},"loc":{"start":{"line":27,"column":58},"end":{"line":75,"column":5}},"line":27}},"branchMap":{"0":{"loc":{"start":{"line":28,"column":29},"end":{"line":28,"column":42}},"type":"binary-expr","locations":[{"start":{"line":28,"column":29},"end":{"line":28,"column":36}},{"start":{"line":28,"column":40},"end":{"line":28,"column":42}}],"line":28},"1":{"loc":{"start":{"line":30,"column":8},"end":{"line":32,"column":9}},"type":"if","locations":[{"start":{"line":30,"column":8},"end":{"line":32,"column":9}},{"start":{"line":30,"column":8},"end":{"line":32,"column":9}}],"line":30},"2":{"loc":{"start":{"line":33,"column":8},"end":{"line":37,"column":9}},"type":"if","locations":[{"start":{"line":33,"column":8},"end":{"line":37,"column":9}},{"start":{"line":33,"column":8},"end":{"line":37,"column":9}}],"line":33},"3":{"loc":{"start":{"line":34,"column":12},"end":{"line":36,"column":13}},"type":"if","locations":[{"start":{"line":34,"column":12},"end":{"line":36,"column":13}},{"start":{"line":34,"column":12},"end":{"line":36,"column":13}}],"line":34},"4":{"loc":{"start":{"line":38,"column":8},"end":{"line":40,"column":9}},"type":"if","locations":[{"start":{"line":38,"column":8},"end":{"line":40,"column":9}},{"start":{"line":38,"column":8},"end":{"line":40,"column":9}}],"line":38},"5":{"loc":{"start":{"line":41,"column":8},"end":{"line":43,"column":9}},"type":"if","locations":[{"start":{"line":41,"column":8},"end":{"line":43,"column":9}},{"start":{"line":41,"column":8},"end":{"line":43,"column":9}}],"line":41},"6":{"loc":{"start":{"line":44,"column":8},"end":{"line":46,"column":9}},"type":"if","locations":[{"start":{"line":44,"column":8},"end":{"line":46,"column":9}},{"start":{"line":44,"column":8},"end":{"line":46,"column":9}}],"line":44},"7":{"loc":{"start":{"line":47,"column":8},"end":{"line":49,"column":9}},"type":"if","locations":[{"start":{"line":47,"column":8},"end":{"line":49,"column":9}},{"start":{"line":47,"column":8},"end":{"line":49,"column":9}}],"line":47},"8":{"loc":{"start":{"line":50,"column":8},"end":{"line":52,"column":9}},"type":"if","locations":[{"start":{"line":50,"column":8},"end":{"line":52,"column":9}},{"start":{"line":50,"column":8},"end":{"line":52,"column":9}}],"line":50},"9":{"loc":{"start":{"line":53,"column":8},"end":{"line":55,"column":9}},"type":"if","locations":[{"start":{"line":53,"column":8},"end":{"line":55,"column":9}},{"start":{"line":53,"column":8},"end":{"line":55,"column":9}}],"line":53},"10":{"loc":{"start":{"line":56,"column":8},"end":{"line":58,"column":9}},"type":"if","locations":[{"start":{"line":56,"column":8},"end":{"line":58,"column":9}},{"start":{"line":56,"column":8},"end":{"line":58,"column":9}}],"line":56},"11":{"loc":{"start":{"line":59,"column":8},"end":{"line":61,"column":9}},"type":"if","locations":[{"start":{"line":59,"column":8},"end":{"line":61,"column":9}},{"start":{"line":59,"column":8},"end":{"line":61,"column":9}}],"line":59},"12":{"loc":{"start":{"line":62,"column":8},"end":{"line":64,"column":9}},"type":"if","locations":[{"start":{"line":62,"column":8},"end":{"line":64,"column":9}},{"start":{"line":62,"column":8},"end":{"line":64,"column":9}}],"line":62},"13":{"loc":{"start":{"line":65,"column":8},"end":{"line":69,"column":9}},"type":"if","locations":[{"start":{"line":65,"column":8},"end":{"line":69,"column":9}},{"start":{"line":65,"column":8},"end":{"line":69,"column":9}}],"line":65},"14":{"loc":{"start":{"line":66,"column":12},"end":{"line":68,"column":13}},"type":"if","locations":[{"start":{"line":66,"column":12},"end":{"line":68,"column":13}},{"start":{"line":66,"column":12},"end":{"line":68,"column":13}}],"line":66}},"s":{"0":1,"1":1,"2":1,"3":1,"4":1,"5":18,"6":18,"7":18,"8":18,"9":18,"10":18,"11":18,"12":18,"13":18,"14":18,"15":18,"16":18,"17":18,"18":1,"19":198,"20":132,"21":1,"22":18,"23":18,"24":18,"25":17,"26":18,"27":16,"28":14,"29":18,"30":15,"31":18,"32":14,"33":18,"34":13,"35":18,"36":12,"37":18,"38":11,"39":18,"40":10,"41":18,"42":9,"43":18,"44":8,"45":18,"46":7,"47":18,"48":2,"49":2,"50":18,"51":1,"52":1,"53":1},"f":{"0":1,"1":18,"2":198,"3":132,"4":18},"b":{"0":[18,1],"1":[17,1],"2":[16,2],"3":[14,2],"4":[15,3],"5":[14,4],"6":[13,5],"7":[12,6],"8":[11,7],"9":[10,8],"10":[9,9],"11":[8,10],"12":[7,11],"13":[2,16],"14":[2,0]},"_coverageSchema":"332fd63041d2c1bcb487cc26dd0d5f7d97098a6c","hash":"7193839bdfd9eb36d9049dd793b6c130d64af408","contentHash":"d2774a2931d3928104e75c0e2aba9035_11.3.0"},"c:\\github\\gareththegeek\\corewar\\Corewar\\Parser\\Interface\\IParseOptions.ts":{"path":"c:\\github\\gareththegeek\\corewar\\Corewar\\Parser\\Interface\\IParseOptions.ts","statementMap":{"0":{"start":{"line":2,"column":0},"end":{"line":2,"column":62}},"1":{"start":{"line":4,"column":0},"end":{"line":8,"column":59}},"2":{"start":{"line":5,"column":4},"end":{"line":5,"column":48}},"3":{"start":{"line":6,"column":4},"end":{"line":6,"column":48}},"4":{"start":{"line":7,"column":4},"end":{"line":7,"column":58}}},"fnMap":{"0":{"name":"(anonymous_0)","decl":{"start":{"line":4,"column":1},"end":{"line":4,"column":2}},"loc":{"start":{"line":4,"column":21},"end":{"line":8,"column":1}},"line":4}},"branchMap":{"0":{"loc":{"start":{"line":8,"column":14},"end":{"line":8,"column":57}},"type":"binary-expr","locations":[{"start":{"line":8,"column":14},"end":{"line":8,"column":30}},{"start":{"line":8,"column":35},"end":{"line":8,"column":56}}],"line":8}},"s":{"0":1,"1":1,"2":1,"3":1,"4":1},"f":{"0":1},"b":{"0":[1,1]},"_coverageSchema":"332fd63041d2c1bcb487cc26dd0d5f7d97098a6c","hash":"2933897470a55214824cce525eb442a1cd0124b6","contentHash":"158e72fb98fbde64c9035d7d2b8e6037_11.3.0"},"c:\\github\\gareththegeek\\corewar\\Parser.tests\\tests\\DefaultPassTests.ts":{"path":"c:\\github\\gareththegeek\\corewar\\Parser.tests\\tests\\DefaultPassTests.ts","statementMap":{"0":{"start":{"line":2,"column":0},"end":{"line":2,"column":62}},"1":{"start":{"line":4,"column":15},"end":{"line":4,"column":65}},"2":{"start":{"line":5,"column":20},"end":{"line":5,"column":65}},"3":{"start":{"line":6,"column":15},"end":{"line":6,"column":55}},"4":{"start":{"line":7,"column":16},"end":{"line":7,"column":57}},"5":{"start":{"line":8,"column":19},"end":{"line":8,"column":42}},"6":{"start":{"line":9,"column":22},"end":{"line":9,"column":79}},"7":{"start":{"line":10,"column":8},"end":{"line":10,"column":29}},"8":{"start":{"line":11,"column":0},"end":{"line":11,"column":13}},"9":{"start":{"line":12,"column":0},"end":{"line":586,"column":3}},"10":{"start":{"line":13,"column":4},"end":{"line":73,"column":7}},"11":{"start":{"line":14,"column":21},"end":{"line":61,"column":9}},"12":{"start":{"line":62,"column":22},"end":{"line":62,"column":45}},"13":{"start":{"line":63,"column":8},"end":{"line":63,"column":40}},"14":{"start":{"line":64,"column":19},"end":{"line":64,"column":50}},"15":{"start":{"line":65,"column":21},"end":{"line":65,"column":74}},"16":{"start":{"line":66,"column":8},"end":{"line":66,"column":47}},"17":{"start":{"line":67,"column":8},"end":{"line":67,"column":46}},"18":{"start":{"line":68,"column":8},"end":{"line":72,"column":9}},"19":{"start":{"line":69,"column":12},"end":{"line":69,"column":71}},"20":{"start":{"line":70,"column":12},"end":{"line":70,"column":67}},"21":{"start":{"line":71,"column":12},"end":{"line":71,"column":74}},"22":{"start":{"line":74,"column":4},"end":{"line":88,"column":7}},"23":{"start":{"line":75,"column":21},"end":{"line":75,"column":133}},"24":{"start":{"line":76,"column":22},"end":{"line":76,"column":45}},"25":{"start":{"line":77,"column":8},"end":{"line":77,"column":40}},"26":{"start":{"line":78,"column":19},"end":{"line":78,"column":50}},"27":{"start":{"line":79,"column":21},"end":{"line":79,"column":74}},"28":{"start":{"line":80,"column":8},"end":{"line":80,"column":47}},"29":{"start":{"line":81,"column":8},"end":{"line":81,"column":45}},"30":{"start":{"line":82,"column":8},"end":{"line":82,"column":76}},"31":{"start":{"line":83,"column":8},"end":{"line":83,"column":50}},"32":{"start":{"line":84,"column":8},"end":{"line":84,"column":72}},"33":{"start":{"line":85,"column":8},"end":{"line":85,"column":76}},"34":{"start":{"line":86,"column":8},"end":{"line":86,"column":50}},"35":{"start":{"line":87,"column":8},"end":{"line":87,"column":72}},"36":{"start":{"line":89,"column":4},"end":{"line":103,"column":7}},"37":{"start":{"line":90,"column":21},"end":{"line":90,"column":133}},"38":{"start":{"line":91,"column":22},"end":{"line":91,"column":45}},"39":{"start":{"line":92,"column":8},"end":{"line":92,"column":40}},"40":{"start":{"line":93,"column":19},"end":{"line":93,"column":50}},"41":{"start":{"line":94,"column":21},"end":{"line":94,"column":74}},"42":{"start":{"line":95,"column":8},"end":{"line":95,"column":47}},"43":{"start":{"line":96,"column":8},"end":{"line":96,"column":45}},"44":{"start":{"line":97,"column":8},"end":{"line":97,"column":76}},"45":{"start":{"line":98,"column":8},"end":{"line":98,"column":50}},"46":{"start":{"line":99,"column":8},"end":{"line":99,"column":72}},"47":{"start":{"line":100,"column":8},"end":{"line":100,"column":76}},"48":{"start":{"line":101,"column":8},"end":{"line":101,"column":50}},"49":{"start":{"line":102,"column":8},"end":{"line":102,"column":72}},"50":{"start":{"line":104,"column":4},"end":{"line":118,"column":7}},"51":{"start":{"line":105,"column":21},"end":{"line":105,"column":133}},"52":{"start":{"line":106,"column":22},"end":{"line":106,"column":45}},"53":{"start":{"line":107,"column":8},"end":{"line":107,"column":40}},"54":{"start":{"line":108,"column":19},"end":{"line":108,"column":50}},"55":{"start":{"line":109,"column":21},"end":{"line":109,"column":133}},"56":{"start":{"line":110,"column":8},"end":{"line":110,"column":47}},"57":{"start":{"line":111,"column":8},"end":{"line":111,"column":45}},"58":{"start":{"line":112,"column":8},"end":{"line":112,"column":76}},"59":{"start":{"line":113,"column":8},"end":{"line":113,"column":50}},"60":{"start":{"line":114,"column":8},"end":{"line":114,"column":72}},"61":{"start":{"line":115,"column":8},"end":{"line":115,"column":76}},"62":{"start":{"line":116,"column":8},"end":{"line":116,"column":50}},"63":{"start":{"line":117,"column":8},"end":{"line":117,"column":72}},"64":{"start":{"line":119,"column":4},"end":{"line":133,"column":7}},"65":{"start":{"line":120,"column":21},"end":{"line":120,"column":133}},"66":{"start":{"line":121,"column":22},"end":{"line":121,"column":45}},"67":{"start":{"line":122,"column":8},"end":{"line":122,"column":40}},"68":{"start":{"line":123,"column":19},"end":{"line":123,"column":50}},"69":{"start":{"line":124,"column":21},"end":{"line":124,"column":133}},"70":{"start":{"line":125,"column":8},"end":{"line":125,"column":47}},"71":{"start":{"line":126,"column":8},"end":{"line":126,"column":45}},"72":{"start":{"line":127,"column":8},"end":{"line":127,"column":76}},"73":{"start":{"line":128,"column":8},"end":{"line":128,"column":50}},"74":{"start":{"line":129,"column":8},"end":{"line":129,"column":72}},"75":{"start":{"line":130,"column":8},"end":{"line":130,"column":76}},"76":{"start":{"line":131,"column":8},"end":{"line":131,"column":50}},"77":{"start":{"line":132,"column":8},"end":{"line":132,"column":72}},"78":{"start":{"line":134,"column":4},"end":{"line":148,"column":7}},"79":{"start":{"line":135,"column":21},"end":{"line":135,"column":131}},"80":{"start":{"line":136,"column":22},"end":{"line":136,"column":45}},"81":{"start":{"line":137,"column":8},"end":{"line":137,"column":40}},"82":{"start":{"line":138,"column":19},"end":{"line":138,"column":50}},"83":{"start":{"line":139,"column":21},"end":{"line":139,"column":74}},"84":{"start":{"line":140,"column":8},"end":{"line":140,"column":47}},"85":{"start":{"line":141,"column":8},"end":{"line":141,"column":45}},"86":{"start":{"line":142,"column":8},"end":{"line":142,"column":76}},"87":{"start":{"line":143,"column":8},"end":{"line":143,"column":50}},"88":{"start":{"line":144,"column":8},"end":{"line":144,"column":72}},"89":{"start":{"line":145,"column":8},"end":{"line":145,"column":78}},"90":{"start":{"line":146,"column":8},"end":{"line":146,"column":50}},"91":{"start":{"line":147,"column":8},"end":{"line":147,"column":72}},"92":{"start":{"line":149,"column":4},"end":{"line":171,"column":7}},"93":{"start":{"line":150,"column":21},"end":{"line":150,"column":131}},"94":{"start":{"line":151,"column":22},"end":{"line":151,"column":45}},"95":{"start":{"line":152,"column":8},"end":{"line":152,"column":40}},"96":{"start":{"line":153,"column":19},"end":{"line":153,"column":50}},"97":{"start":{"line":154,"column":21},"end":{"line":154,"column":74}},"98":{"start":{"line":155,"column":8},"end":{"line":155,"column":47}},"99":{"start":{"line":156,"column":8},"end":{"line":156,"column":45}},"100":{"start":{"line":157,"column":8},"end":{"line":157,"column":76}},"101":{"start":{"line":158,"column":8},"end":{"line":158,"column":50}},"102":{"start":{"line":159,"column":8},"end":{"line":159,"column":72}},"103":{"start":{"line":160,"column":8},"end":{"line":160,"column":78}},"104":{"start":{"line":161,"column":8},"end":{"line":161,"column":50}},"105":{"start":{"line":162,"column":8},"end":{"line":162,"column":72}},"106":{"start":{"line":163,"column":8},"end":{"line":163,"column":77}},"107":{"start":{"line":164,"column":8},"end":{"line":164,"column":50}},"108":{"start":{"line":165,"column":8},"end":{"line":165,"column":76}},"109":{"start":{"line":166,"column":8},"end":{"line":166,"column":50}},"110":{"start":{"line":167,"column":8},"end":{"line":167,"column":72}},"111":{"start":{"line":168,"column":8},"end":{"line":168,"column":78}},"112":{"start":{"line":169,"column":8},"end":{"line":169,"column":50}},"113":{"start":{"line":170,"column":8},"end":{"line":170,"column":72}},"114":{"start":{"line":172,"column":4},"end":{"line":183,"column":7}},"115":{"start":{"line":173,"column":21},"end":{"line":173,"column":134}},"116":{"start":{"line":174,"column":22},"end":{"line":174,"column":45}},"117":{"start":{"line":175,"column":8},"end":{"line":175,"column":40}},"118":{"start":{"line":176,"column":19},"end":{"line":176,"column":50}},"119":{"start":{"line":177,"column":21},"end":{"line":177,"column":74}},"120":{"start":{"line":178,"column":8},"end":{"line":178,"column":47}},"121":{"start":{"line":179,"column":8},"end":{"line":179,"column":45}},"122":{"start":{"line":180,"column":8},"end":{"line":182,"column":27}},"123":{"start":{"line":184,"column":4},"end":{"line":195,"column":7}},"124":{"start":{"line":185,"column":21},"end":{"line":185,"column":134}},"125":{"start":{"line":186,"column":22},"end":{"line":186,"column":45}},"126":{"start":{"line":187,"column":8},"end":{"line":187,"column":40}},"127":{"start":{"line":188,"column":19},"end":{"line":188,"column":50}},"128":{"start":{"line":189,"column":21},"end":{"line":189,"column":133}},"129":{"start":{"line":190,"column":8},"end":{"line":190,"column":47}},"130":{"start":{"line":191,"column":8},"end":{"line":191,"column":45}},"131":{"start":{"line":192,"column":8},"end":{"line":192,"column":77}},"132":{"start":{"line":193,"column":8},"end":{"line":193,"column":50}},"133":{"start":{"line":194,"column":8},"end":{"line":194,"column":72}},"134":{"start":{"line":196,"column":4},"end":{"line":207,"column":7}},"135":{"start":{"line":197,"column":21},"end":{"line":197,"column":134}},"136":{"start":{"line":198,"column":22},"end":{"line":198,"column":45}},"137":{"start":{"line":199,"column":8},"end":{"line":199,"column":40}},"138":{"start":{"line":200,"column":19},"end":{"line":200,"column":50}},"139":{"start":{"line":201,"column":21},"end":{"line":201,"column":133}},"140":{"start":{"line":202,"column":8},"end":{"line":202,"column":47}},"141":{"start":{"line":203,"column":8},"end":{"line":203,"column":45}},"142":{"start":{"line":204,"column":8},"end":{"line":204,"column":77}},"143":{"start":{"line":205,"column":8},"end":{"line":205,"column":50}},"144":{"start":{"line":206,"column":8},"end":{"line":206,"column":72}},"145":{"start":{"line":208,"column":4},"end":{"line":216,"column":7}},"146":{"start":{"line":209,"column":22},"end":{"line":209,"column":45}},"147":{"start":{"line":210,"column":8},"end":{"line":210,"column":108}},"148":{"start":{"line":211,"column":19},"end":{"line":211,"column":50}},"149":{"start":{"line":212,"column":21},"end":{"line":212,"column":74}},"150":{"start":{"line":213,"column":8},"end":{"line":213,"column":80}},"151":{"start":{"line":214,"column":8},"end":{"line":214,"column":51}},"152":{"start":{"line":215,"column":8},"end":{"line":215,"column":72}},"153":{"start":{"line":217,"column":4},"end":{"line":225,"column":7}},"154":{"start":{"line":218,"column":22},"end":{"line":218,"column":45}},"155":{"start":{"line":219,"column":8},"end":{"line":219,"column":108}},"156":{"start":{"line":220,"column":19},"end":{"line":220,"column":50}},"157":{"start":{"line":221,"column":21},"end":{"line":221,"column":74}},"158":{"start":{"line":222,"column":8},"end":{"line":222,"column":80}},"159":{"start":{"line":223,"column":8},"end":{"line":223,"column":52}},"160":{"start":{"line":224,"column":8},"end":{"line":224,"column":72}},"161":{"start":{"line":226,"column":4},"end":{"line":234,"column":7}},"162":{"start":{"line":227,"column":22},"end":{"line":227,"column":45}},"163":{"start":{"line":228,"column":8},"end":{"line":228,"column":108}},"164":{"start":{"line":229,"column":19},"end":{"line":229,"column":50}},"165":{"start":{"line":230,"column":21},"end":{"line":230,"column":74}},"166":{"start":{"line":231,"column":8},"end":{"line":231,"column":80}},"167":{"start":{"line":232,"column":8},"end":{"line":232,"column":52}},"168":{"start":{"line":233,"column":8},"end":{"line":233,"column":72}},"169":{"start":{"line":235,"column":4},"end":{"line":243,"column":7}},"170":{"start":{"line":236,"column":22},"end":{"line":236,"column":45}},"171":{"start":{"line":237,"column":8},"end":{"line":237,"column":108}},"172":{"start":{"line":238,"column":19},"end":{"line":238,"column":50}},"173":{"start":{"line":239,"column":21},"end":{"line":239,"column":74}},"174":{"start":{"line":240,"column":8},"end":{"line":240,"column":80}},"175":{"start":{"line":241,"column":8},"end":{"line":241,"column":52}},"176":{"start":{"line":242,"column":8},"end":{"line":242,"column":72}},"177":{"start":{"line":244,"column":4},"end":{"line":252,"column":7}},"178":{"start":{"line":245,"column":22},"end":{"line":245,"column":45}},"179":{"start":{"line":246,"column":8},"end":{"line":246,"column":108}},"180":{"start":{"line":247,"column":19},"end":{"line":247,"column":50}},"181":{"start":{"line":248,"column":21},"end":{"line":248,"column":74}},"182":{"start":{"line":249,"column":8},"end":{"line":249,"column":80}},"183":{"start":{"line":250,"column":8},"end":{"line":250,"column":52}},"184":{"start":{"line":251,"column":8},"end":{"line":251,"column":72}},"185":{"start":{"line":253,"column":4},"end":{"line":261,"column":7}},"186":{"start":{"line":254,"column":22},"end":{"line":254,"column":45}},"187":{"start":{"line":255,"column":8},"end":{"line":255,"column":108}},"188":{"start":{"line":256,"column":19},"end":{"line":256,"column":50}},"189":{"start":{"line":257,"column":21},"end":{"line":257,"column":74}},"190":{"start":{"line":258,"column":8},"end":{"line":258,"column":80}},"191":{"start":{"line":259,"column":8},"end":{"line":259,"column":51}},"192":{"start":{"line":260,"column":8},"end":{"line":260,"column":72}},"193":{"start":{"line":262,"column":4},"end":{"line":270,"column":7}},"194":{"start":{"line":263,"column":22},"end":{"line":263,"column":45}},"195":{"start":{"line":264,"column":8},"end":{"line":264,"column":108}},"196":{"start":{"line":265,"column":19},"end":{"line":265,"column":50}},"197":{"start":{"line":266,"column":21},"end":{"line":266,"column":74}},"198":{"start":{"line":267,"column":8},"end":{"line":267,"column":80}},"199":{"start":{"line":268,"column":8},"end":{"line":268,"column":51}},"200":{"start":{"line":269,"column":8},"end":{"line":269,"column":72}},"201":{"start":{"line":271,"column":4},"end":{"line":279,"column":7}},"202":{"start":{"line":272,"column":22},"end":{"line":272,"column":45}},"203":{"start":{"line":273,"column":8},"end":{"line":273,"column":108}},"204":{"start":{"line":274,"column":19},"end":{"line":274,"column":50}},"205":{"start":{"line":275,"column":21},"end":{"line":275,"column":74}},"206":{"start":{"line":276,"column":8},"end":{"line":276,"column":80}},"207":{"start":{"line":277,"column":8},"end":{"line":277,"column":51}},"208":{"start":{"line":278,"column":8},"end":{"line":278,"column":72}},"209":{"start":{"line":280,"column":4},"end":{"line":288,"column":7}},"210":{"start":{"line":281,"column":22},"end":{"line":281,"column":45}},"211":{"start":{"line":282,"column":8},"end":{"line":282,"column":108}},"212":{"start":{"line":283,"column":19},"end":{"line":283,"column":50}},"213":{"start":{"line":284,"column":21},"end":{"line":284,"column":74}},"214":{"start":{"line":285,"column":8},"end":{"line":285,"column":80}},"215":{"start":{"line":286,"column":8},"end":{"line":286,"column":51}},"216":{"start":{"line":287,"column":8},"end":{"line":287,"column":72}},"217":{"start":{"line":289,"column":4},"end":{"line":297,"column":7}},"218":{"start":{"line":290,"column":22},"end":{"line":290,"column":45}},"219":{"start":{"line":291,"column":8},"end":{"line":291,"column":108}},"220":{"start":{"line":292,"column":19},"end":{"line":292,"column":50}},"221":{"start":{"line":293,"column":21},"end":{"line":293,"column":74}},"222":{"start":{"line":294,"column":8},"end":{"line":294,"column":80}},"223":{"start":{"line":295,"column":8},"end":{"line":295,"column":51}},"224":{"start":{"line":296,"column":8},"end":{"line":296,"column":72}},"225":{"start":{"line":298,"column":4},"end":{"line":306,"column":7}},"226":{"start":{"line":299,"column":22},"end":{"line":299,"column":45}},"227":{"start":{"line":300,"column":8},"end":{"line":300,"column":108}},"228":{"start":{"line":301,"column":19},"end":{"line":301,"column":50}},"229":{"start":{"line":302,"column":21},"end":{"line":302,"column":74}},"230":{"start":{"line":303,"column":8},"end":{"line":303,"column":80}},"231":{"start":{"line":304,"column":8},"end":{"line":304,"column":51}},"232":{"start":{"line":305,"column":8},"end":{"line":305,"column":72}},"233":{"start":{"line":307,"column":4},"end":{"line":315,"column":7}},"234":{"start":{"line":308,"column":22},"end":{"line":308,"column":45}},"235":{"start":{"line":309,"column":8},"end":{"line":309,"column":108}},"236":{"start":{"line":310,"column":19},"end":{"line":310,"column":50}},"237":{"start":{"line":311,"column":21},"end":{"line":311,"column":74}},"238":{"start":{"line":312,"column":8},"end":{"line":312,"column":80}},"239":{"start":{"line":313,"column":8},"end":{"line":313,"column":51}},"240":{"start":{"line":314,"column":8},"end":{"line":314,"column":72}},"241":{"start":{"line":316,"column":4},"end":{"line":324,"column":7}},"242":{"start":{"line":317,"column":22},"end":{"line":317,"column":45}},"243":{"start":{"line":318,"column":8},"end":{"line":318,"column":108}},"244":{"start":{"line":319,"column":19},"end":{"line":319,"column":50}},"245":{"start":{"line":320,"column":21},"end":{"line":320,"column":74}},"246":{"start":{"line":321,"column":8},"end":{"line":321,"column":80}},"247":{"start":{"line":322,"column":8},"end":{"line":322,"column":51}},"248":{"start":{"line":323,"column":8},"end":{"line":323,"column":72}},"249":{"start":{"line":325,"column":4},"end":{"line":333,"column":7}},"250":{"start":{"line":326,"column":22},"end":{"line":326,"column":45}},"251":{"start":{"line":327,"column":8},"end":{"line":327,"column":108}},"252":{"start":{"line":328,"column":19},"end":{"line":328,"column":50}},"253":{"start":{"line":329,"column":21},"end":{"line":329,"column":74}},"254":{"start":{"line":330,"column":8},"end":{"line":330,"column":80}},"255":{"start":{"line":331,"column":8},"end":{"line":331,"column":52}},"256":{"start":{"line":332,"column":8},"end":{"line":332,"column":72}},"257":{"start":{"line":334,"column":4},"end":{"line":342,"column":7}},"258":{"start":{"line":335,"column":22},"end":{"line":335,"column":45}},"259":{"start":{"line":336,"column":8},"end":{"line":336,"column":108}},"260":{"start":{"line":337,"column":19},"end":{"line":337,"column":50}},"261":{"start":{"line":338,"column":21},"end":{"line":338,"column":74}},"262":{"start":{"line":339,"column":8},"end":{"line":339,"column":80}},"263":{"start":{"line":340,"column":8},"end":{"line":340,"column":52}},"264":{"start":{"line":341,"column":8},"end":{"line":341,"column":72}},"265":{"start":{"line":343,"column":4},"end":{"line":351,"column":7}},"266":{"start":{"line":344,"column":22},"end":{"line":344,"column":45}},"267":{"start":{"line":345,"column":8},"end":{"line":345,"column":108}},"268":{"start":{"line":346,"column":19},"end":{"line":346,"column":50}},"269":{"start":{"line":347,"column":21},"end":{"line":347,"column":74}},"270":{"start":{"line":348,"column":8},"end":{"line":348,"column":80}},"271":{"start":{"line":349,"column":8},"end":{"line":349,"column":52}},"272":{"start":{"line":350,"column":8},"end":{"line":350,"column":72}},"273":{"start":{"line":352,"column":4},"end":{"line":360,"column":7}},"274":{"start":{"line":353,"column":22},"end":{"line":353,"column":45}},"275":{"start":{"line":354,"column":8},"end":{"line":354,"column":108}},"276":{"start":{"line":355,"column":19},"end":{"line":355,"column":50}},"277":{"start":{"line":356,"column":21},"end":{"line":356,"column":74}},"278":{"start":{"line":357,"column":8},"end":{"line":357,"column":80}},"279":{"start":{"line":358,"column":8},"end":{"line":358,"column":52}},"280":{"start":{"line":359,"column":8},"end":{"line":359,"column":72}},"281":{"start":{"line":361,"column":4},"end":{"line":369,"column":7}},"282":{"start":{"line":362,"column":22},"end":{"line":362,"column":45}},"283":{"start":{"line":363,"column":8},"end":{"line":363,"column":108}},"284":{"start":{"line":364,"column":19},"end":{"line":364,"column":50}},"285":{"start":{"line":365,"column":21},"end":{"line":365,"column":74}},"286":{"start":{"line":366,"column":8},"end":{"line":366,"column":80}},"287":{"start":{"line":367,"column":8},"end":{"line":367,"column":52}},"288":{"start":{"line":368,"column":8},"end":{"line":368,"column":72}},"289":{"start":{"line":370,"column":4},"end":{"line":378,"column":7}},"290":{"start":{"line":371,"column":22},"end":{"line":371,"column":45}},"291":{"start":{"line":372,"column":8},"end":{"line":372,"column":108}},"292":{"start":{"line":373,"column":19},"end":{"line":373,"column":50}},"293":{"start":{"line":374,"column":21},"end":{"line":374,"column":74}},"294":{"start":{"line":375,"column":8},"end":{"line":375,"column":80}},"295":{"start":{"line":376,"column":8},"end":{"line":376,"column":51}},"296":{"start":{"line":377,"column":8},"end":{"line":377,"column":72}},"297":{"start":{"line":379,"column":4},"end":{"line":387,"column":7}},"298":{"start":{"line":380,"column":22},"end":{"line":38
[...]
ne":245,"column":21},"end":{"line":245,"column":60}},"161":{"start":{"line":246,"column":8},"end":{"line":246,"column":74}},"162":{"start":{"line":247,"column":8},"end":{"line":247,"column":62}},"163":{"start":{"line":248,"column":8},"end":{"line":248,"column":62}},"164":{"start":{"line":249,"column":8},"end":{"line":249,"column":62}},"165":{"start":{"line":250,"column":8},"end":{"line":250,"column":62}},"166":{"start":{"line":251,"column":8},"end":{"line":251,"column":62}},"167":{"start":{"line":252,"column":8},"end":{"line":252,"column":63}},"168":{"start":{"line":253,"column":8},"end":{"line":253,"column":63}},"169":{"start":{"line":254,"column":8},"end":{"line":254,"column":63}},"170":{"start":{"line":255,"column":8},"end":{"line":255,"column":63}},"171":{"start":{"line":256,"column":8},"end":{"line":256,"column":63}},"172":{"start":{"line":257,"column":8},"end":{"line":257,"column":64}},"173":{"start":{"line":258,"column":8},"end":{"line":258,"column":64}},"174":{"start":{"line":259,"column":8},"end":{"line":259,"column":65}},"175":{"start":{"line":260,"column":8},"end":{"line":260,"column":65}},"176":{"start":{"line":261,"column":8},"end":{"line":261,"column":65}},"177":{"start":{"line":262,"column":8},"end":{"line":262,"column":65}},"178":{"start":{"line":263,"column":8},"end":{"line":263,"column":63}},"179":{"start":{"line":265,"column":4},"end":{"line":271,"column":7}},"180":{"start":{"line":266,"column":21},"end":{"line":266,"column":100}},"181":{"start":{"line":267,"column":19},"end":{"line":267,"column":31}},"182":{"start":{"line":268,"column":21},"end":{"line":268,"column":60}},"183":{"start":{"line":269,"column":21},"end":{"line":269,"column":43}},"184":{"start":{"line":270,"column":8},"end":{"line":270,"column":44}}},"fnMap":{"0":{"name":"(anonymous_0)","decl":{"start":{"line":11,"column":26},"end":{"line":11,"column":27}},"loc":{"start":{"line":11,"column":38},"end":{"line":272,"column":1}},"line":11},"1":{"name":"buildCore","decl":{"start":{"line":30,"column":13},"end":{"line":30,"column":22}},"loc":{"start":{"line":30,"column":29},"end":{"line":70,"column":5}},"line":30},"2":{"name":"(anonymous_2)","decl":{"start":{"line":32,"column":21},"end":{"line":32,"column":22}},"loc":{"start":{"line":32,"column":33},"end":{"line":32,"column":46}},"line":32},"3":{"name":"(anonymous_3)","decl":{"start":{"line":35,"column":24},"end":{"line":35,"column":25}},"loc":{"start":{"line":35,"column":43},"end":{"line":37,"column":13}},"line":35},"4":{"name":"(anonymous_4)","decl":{"start":{"line":38,"column":18},"end":{"line":38,"column":19}},"loc":{"start":{"line":38,"column":35},"end":{"line":40,"column":13}},"line":38},"5":{"name":"(anonymous_5)","decl":{"start":{"line":41,"column":23},"end":{"line":41,"column":24}},"loc":{"start":{"line":41,"column":46},"end":{"line":43,"column":13}},"line":41},"6":{"name":"(anonymous_6)","decl":{"start":{"line":44,"column":20},"end":{"line":44,"column":21}},"loc":{"start":{"line":44,"column":43},"end":{"line":46,"column":13}},"line":44},"7":{"name":"(anonymous_7)","decl":{"start":{"line":47,"column":19},"end":{"line":47,"column":20}},"loc":{"start":{"line":47,"column":36},"end":{"line":49,"column":13}},"line":47},"8":{"name":"(anonymous_8)","decl":{"start":{"line":50,"column":19},"end":{"line":50,"column":20}},"loc":{"start":{"line":50,"column":55},"end":{"line":52,"column":13}},"line":50},"9":{"name":"(anonymous_9)","decl":{"start":{"line":71,"column":42},"end":{"line":71,"column":43}},"loc":{"start":{"line":71,"column":54},"end":{"line":87,"column":5}},"line":71},"10":{"name":"(anonymous_10)","decl":{"start":{"line":88,"column":51},"end":{"line":88,"column":52}},"loc":{"start":{"line":88,"column":63},"end":{"line":96,"column":5}},"line":88},"11":{"name":"(anonymous_11)","decl":{"start":{"line":97,"column":121},"end":{"line":97,"column":122}},"loc":{"start":{"line":97,"column":133},"end":{"line":118,"column":5}},"line":97},"12":{"name":"(anonymous_12)","decl":{"start":{"line":119,"column":67},"end":{"line":119,"column":68}},"loc":{"start":{"line":119,"column":79},"end":{"line":132,"column":5}},"line":119},"13":{"name":"(anonymous_13)","decl":{"start":{"line":133,"column":73},"end":{"line":133,"column":74}},"loc":{"start":{"line":133,"column":85},"end":{"line":154,"column":5}},"line":133},"14":{"name":"(anonymous_14)","decl":{"start":{"line":155,"column":75},"end":{"line":155,"column":76}},"loc":{"start":{"line":155,"column":87},"end":{"line":176,"column":5}},"line":155},"15":{"name":"(anonymous_15)","decl":{"start":{"line":177,"column":72},"end":{"line":177,"column":73}},"loc":{"start":{"line":177,"column":84},"end":{"line":198,"column":5}},"line":177},"16":{"name":"(anonymous_16)","decl":{"start":{"line":199,"column":74},"end":{"line":199,"column":75}},"loc":{"start":{"line":199,"column":86},"end":{"line":220,"column":5}},"line":199},"17":{"name":"(anonymous_17)","decl":{"start":{"line":221,"column":72},"end":{"line":221,"column":73}},"loc":{"start":{"line":221,"column":84},"end":{"line":242,"column":5}},"line":221},"18":{"name":"(anonymous_18)","decl":{"start":{"line":243,"column":74},"end":{"line":243,"column":75}},"loc":{"start":{"line":243,"column":86},"end":{"line":264,"column":5}},"line":243},"19":{"name":"(anonymous_19)","decl":{"start":{"line":265,"column":66},"end":{"line":265,"column":67}},"loc":{"start":{"line":265,"column":78},"end":{"line":271,"column":5}},"line":265}},"branchMap":{"0":{"loc":{"start":{"line":125,"column":12},"end":{"line":130,"column":13}},"type":"if","locations":[{"start":{"line":125,"column":12},"end":{"line":130,"column":13}},{"start":{"line":125,"column":12},"end":{"line":130,"column":13}}],"line":125}},"s":{"0":1,"1":1,"2":1,"3":1,"4":1,"5":1,"6":1,"7":1,"8":1,"9":1,"10":1,"11":11,"12":0,"13":0,"14":0,"15":132,"16":0,"17":104,"18":11,"19":165,"20":11,"21":1,"22":1,"23":1,"24":1,"25":1,"26":1,"27":1,"28":1,"29":1,"30":1,"31":1,"32":1,"33":1,"34":1,"35":1,"36":1,"37":1,"38":1,"39":1,"40":1,"41":1,"42":1,"43":1,"44":1,"45":1,"46":1,"47":1,"48":1,"49":1,"50":30,"51":1,"52":29,"53":1,"54":1,"55":1,"56":1,"57":1,"58":1,"59":1,"60":1,"61":1,"62":1,"63":1,"64":1,"65":1,"66":1,"67":1,"68":1,"69":1,"70":1,"71":1,"72":1,"73":1,"74":1,"75":1,"76":1,"77":1,"78":1,"79":1,"80":1,"81":1,"82":1,"83":1,"84":1,"85":1,"86":1,"87":1,"88":1,"89":1,"90":1,"91":1,"92":1,"93":1,"94":1,"95":1,"96":1,"97":1,"98":1,"99":1,"100":1,"101":1,"102":1,"103":1,"104":1,"105":1,"106":1,"107":1,"108":1,"109":1,"110":1,"111":1,"112":1,"113":1,"114":1,"115":1,"116":1,"117":1,"118":1,"119":1,"120":1,"121":1,"122":1,"123":1,"124":1,"125":1,"126":1,"127":1,"128":1,"129":1,"130":1,"131":1,"132":1,"133":1,"134":1,"135":1,"136":1,"137":1,"138":1,"139":1,"140":1,"141":1,"142":1,"143":1,"144":1,"145":1,"146":1,"147":1,"148":1,"149":1,"150":1,"151":1,"152":1,"153":1,"154":1,"155":1,"156":1,"157":1,"158":1,"159":1,"160":1,"161":1,"162":1,"163":1,"164":1,"165":1,"166":1,"167":1,"168":1,"169":1,"170":1,"171":1,"172":1,"173":1,"174":1,"175":1,"176":1,"177":1,"178":1,"179":1,"180":1,"181":1,"182":1,"183":1,"184":1},"f":{"0":1,"1":11,"2":0,"3":0,"4":0,"5":0,"6":132,"7":0,"8":104,"9":1,"10":1,"11":1,"12":1,"13":1,"14":1,"15":1,"16":1,"17":1,"18":1,"19":1},"b":{"0":[1,29]},"_coverageSchema":"332fd63041d2c1bcb487cc26dd0d5f7d97098a6c","hash":"2e640530b9605e06c7d5f82a70f46c3fc4b9bf4d","contentHash":"6fb9aa49ffa3765fddbbd742a1087f48_11.3.0"},"c:\\github\\gareththegeek\\corewar\\Corewar\\Simulator\\WarriorLoader.ts":{"path":"c:\\github\\gareththegeek\\corewar\\Corewar\\Simulator\\WarriorLoader.ts","statementMap":{"0":{"start":{"line":2,"column":0},"end":{"line":2,"column":62}},"1":{"start":{"line":3,"column":21},"end":{"line":3,"column":56}},"2":{"start":{"line":4,"column":17},"end":{"line":4,"column":48}},"3":{"start":{"line":5,"column":15},"end":{"line":5,"column":52}},"4":{"start":{"line":6,"column":20},"end":{"line":6,"column":52}},"5":{"start":{"line":7,"column":16},"end":{"line":7,"column":36}},"6":{"start":{"line":8,"column":35},"end":{"line":169,"column":3}},"7":{"start":{"line":10,"column":8},"end":{"line":10,"column":25}},"8":{"start":{"line":12,"column":4},"end":{"line":23,"column":6}},"9":{"start":{"line":13,"column":8},"end":{"line":13,"column":84}},"10":{"start":{"line":14,"column":8},"end":{"line":14,"column":31}},"11":{"start":{"line":15,"column":8},"end":{"line":15,"column":47}},"12":{"start":{"line":16,"column":8},"end":{"line":16,"column":44}},"13":{"start":{"line":17,"column":8},"end":{"line":17,"column":32}},"14":{"start":{"line":18,"column":8},"end":{"line":18,"column":27}},"15":{"start":{"line":19,"column":8},"end":{"line":19,"column":49}},"16":{"start":{"line":20,"column":8},"end":{"line":20,"column":53}},"17":{"start":{"line":21,"column":8},"end":{"line":21,"column":57}},"18":{"start":{"line":22,"column":8},"end":{"line":22,"column":28}},"19":{"start":{"line":24,"column":4},"end":{"line":37,"column":6}},"20":{"start":{"line":25,"column":8},"end":{"line":36,"column":9}},"21":{"start":{"line":26,"column":23},"end":{"line":26,"column":41}},"22":{"start":{"line":27,"column":12},"end":{"line":35,"column":13}},"23":{"start":{"line":28,"column":16},"end":{"line":28,"column":95}},"24":{"start":{"line":30,"column":17},"end":{"line":35,"column":13}},"25":{"start":{"line":31,"column":16},"end":{"line":31,"column":51}},"26":{"start":{"line":34,"column":16},"end":{"line":34,"column":40}},"27":{"start":{"line":38,"column":4},"end":{"line":48,"column":6}},"28":{"start":{"line":39,"column":31},"end":{"line":39,"column":58}},"29":{"start":{"line":40,"column":26},"end":{"line":46,"column":9}},"30":{"start":{"line":47,"column":8},"end":{"line":47,"column":27}},"31":{"start":{"line":49,"column":4},"end":{"line":54,"column":6}},"32":{"start":{"line":50,"column":8},"end":{"line":50,"column":27}},"33":{"start":{"line":51,"column":20},"end":{"line":51,"column":38}},"34":{"start":{"line":52,"column":8},"end":{"line":52,"column":32}},"35":{"start":{"line":53,"column":8},"end":{"line":53,"column":57}},"36":{"start":{"line":55,"column":4},"end":{"line":71,"column":6}},"37":{"start":{"line":56,"column":21},"end":{"line":68,"column":9}},"38":{"start":{"line":69,"column":8},"end":{"line":69,"column":32}},"39":{"start":{"line":70,"column":8},"end":{"line":70,"column":22}},"40":{"start":{"line":72,"column":4},"end":{"line":109,"column":6}},"41":{"start":{"line":73,"column":8},"end":{"line":108,"column":9}},"42":{"start":{"line":75,"column":16},"end":{"line":75,"column":53}},"43":{"start":{"line":77,"column":16},"end":{"line":77,"column":53}},"44":{"start":{"line":79,"column":16},"end":{"line":79,"column":53}},"45":{"start":{"line":81,"column":16},"end":{"line":81,"column":53}},"46":{"start":{"line":83,"column":16},"end":{"line":83,"column":53}},"47":{"start":{"line":85,"column":16},"end":{"line":85,"column":53}},"48":{"start":{"line":87,"column":16},"end":{"line":87,"column":53}},"49":{"start":{"line":89,"column":16},"end":{"line":89,"column":53}},"50":{"start":{"line":91,"column":16},"end":{"line":91,"column":53}},"51":{"start":{"line":93,"column":16},"end":{"line":93,"column":53}},"52":{"start":{"line":95,"column":16},"end":{"line":95,"column":53}},"53":{"start":{"line":97,"column":16},"end":{"line":97,"column":53}},"54":{"start":{"line":99,"column":16},"end":{"line":99,"column":53}},"55":{"start":{"line":101,"column":16},"end":{"line":101,"column":53}},"56":{"start":{"line":103,"column":16},"end":{"line":103,"column":53}},"57":{"start":{"line":105,"column":16},"end":{"line":105,"column":53}},"58":{"start":{"line":107,"column":16},"end":{"line":107,"column":53}},"59":{"start":{"line":110,"column":4},"end":{"line":127,"column":6}},"60":{"start":{"line":111,"column":8},"end":{"line":126,"column":9}},"61":{"start":{"line":113,"column":16},"end":{"line":113,"column":53}},"62":{"start":{"line":115,"column":16},"end":{"line":115,"column":53}},"63":{"start":{"line":117,"column":16},"end":{"line":117,"column":54}},"64":{"start":{"line":119,"column":16},"end":{"line":119,"column":53}},"65":{"start":{"line":121,"column":16},"end":{"line":121,"column":53}},"66":{"start":{"line":123,"column":16},"end":{"line":123,"column":53}},"67":{"start":{"line":125,"column":16},"end":{"line":125,"column":54}},"68":{"start":{"line":128,"column":4},"end":{"line":160,"column":6}},"69":{"start":{"line":129,"column":21},"end":{"line":132,"column":9}},"70":{"start":{"line":133,"column":8},"end":{"line":158,"column":9}},"71":{"start":{"line":135,"column":16},"end":{"line":135,"column":60}},"72":{"start":{"line":136,"column":16},"end":{"line":136,"column":22}},"73":{"start":{"line":138,"column":16},"end":{"line":138,"column":60}},"74":{"start":{"line":139,"column":16},"end":{"line":139,"column":22}},"75":{"start":{"line":141,"column":16},"end":{"line":141,"column":60}},"76":{"start":{"line":142,"column":16},"end":{"line":142,"column":22}},"77":{"start":{"line":144,"column":16},"end":{"line":144,"column":64}},"78":{"start":{"line":145,"column":16},"end":{"line":145,"column":22}},"79":{"start":{"line":147,"column":16},"end":{"line":147,"column":64}},"80":{"start":{"line":148,"column":16},"end":{"line":148,"column":22}},"81":{"start":{"line":150,"column":16},"end":{"line":150,"column":65}},"82":{"start":{"line":151,"column":16},"end":{"line":151,"column":22}},"83":{"start":{"line":153,"column":16},"end":{"line":153,"column":65}},"84":{"start":{"line":154,"column":16},"end":{"line":154,"column":22}},"85":{"start":{"line":156,"column":16},"end":{"line":156,"column":57}},"86":{"start":{"line":157,"column":16},"end":{"line":157,"column":22}},"87":{"start":{"line":159,"column":8},"end":{"line":159,"column":22}},"88":{"start":{"line":161,"column":4},"end":{"line":167,"column":6}},"89":{"start":{"line":162,"column":8},"end":{"line":165,"column":11}},"90":{"start":{"line":166,"column":8},"end":{"line":166,"column":35}},"91":{"start":{"line":168,"column":4},"end":{"line":168,"column":25}},"92":{"start":{"line":170,"column":0},"end":{"line":170,"column":38}}},"fnMap":{"0":{"name":"(anonymous_0)","decl":{"start":{"line":8,"column":35},"end":{"line":8,"column":36}},"loc":{"start":{"line":8,"column":47},"end":{"line":169,"column":1}},"line":8},"1":{"name":"WarriorLoader","decl":{"start":{"line":9,"column":13},"end":{"line":9,"column":26}},"loc":{"start":{"line":9,"column":33},"end":{"line":11,"column":5}},"line":9},"2":{"name":"(anonymous_2)","decl":{"start":{"line":12,"column":35},"end":{"line":12,"column":36}},"loc":{"start":{"line":12,"column":62},"end":{"line":23,"column":5}},"line":12},"3":{"name":"(anonymous_3)","decl":{"start":{"line":24,"column":47},"end":{"line":24,"column":48}},"loc":{"start":{"line":24,"column":59},"end":{"line":37,"column":5}},"line":24},"4":{"name":"(anonymous_4)","decl":{"start":{"line":38,"column":46},"end":{"line":38,"column":47}},"loc":{"start":{"line":38,"column":58},"end":{"line":48,"column":5}},"line":38},"5":{"name":"(anonymous_5)","decl":{"start":{"line":49,"column":38},"end":{"line":49,"column":39}},"loc":{"start":{"line":49,"column":50},"end":{"line":54,"column":5}},"line":49},"6":{"name":"(anonymous_6)","decl":{"start":{"line":55,"column":51},"end":{"line":55,"column":52}},"loc":{"start":{"line":55,"column":63},"end":{"line":71,"column":5}},"line":55},"7":{"name":"(anonymous_7)","decl":{"start":{"line":72,"column":40},"end":{"line":72,"column":41}},"loc":{"start":{"line":72,"column":63},"end":{"line":109,"column":5}},"line":72},"8":{"name":"(anonymous_8)","decl":{"start":{"line":110,"column":42},"end":{"line":110,"column":43}},"loc":{"start":{"line":110,"column":65},"end":{"line":127,"column":5}},"line":110},"9":{"name":"(anonymous_9)","decl":{"start":{"line":128,"column":41},"end":{"line":128,"column":42}},"loc":{"start":{"line":128,"column":60},"end":{"line":160,"column":5}},"line":128},"10":{"name":"(anonymous_10)","decl":{"start":{"line":161,"column":42},"end":{"line":161,"column":43}},"loc":{"start":{"line":161,"column":54},"end":{"line":167,"column":5}},"line":161}},"branchMap":{"0":{"loc":{"start":{"line":27,"column":12},"end":{"line":35,"column":13}},"type":"if","locations":[{"start":{"line":27,"column":12},"end":{"line":35,"column":13}},{"start":{"line":27,"column":12},"end":{"line":35,"column":13}}],"line":27},"1":{"loc":{"start":{"line":30,"column":17},"end":{"line":35,"column":13}},"type":"if","locations":[{"start":{"line":30,"column":17},"end":{"line":35,"column":13}},{"start":{"line":30,"column":17},"end":{"line":35,"column":13}}],"line":30},"2":{"loc":{"start":{"line":73,"column":8},"end":{"line":108,"column":9}},"type":"switch","locations":[{"start":{"line":74,"column":12},"end":{"line":75,"column":53}},{"start":{"line":76,"column":12},"end":{"line":77,"column":53}},{"start":{"line":78,"column":12},"end":{"line":79,"column":53}},{"start":{"line":80,"column":12},"end":{"line":81,"column":53}},{"start":{"line":82,"column":12},"end":{"line":83,"column":53}},{"start":{"line":84,"column":12},"end":{"line":85,"column":53}},{"start":{"line":86,"column":12},"end":{"line":87,"column":53}},{"start":{"line":88,"column":12},"end":{"line":89,"column":53}},{"start":{"line":90,"column":12},"end":{"line":91,"column":53}},{"start":{"line":92,"column":12},"end":{"line":93,"column":53}},{"start":{"line":94,"column":12},"end":{"line":95,"column":53}},{"start":{"line":96,"column":12},"end":{"line":97,"column":53}},{"start":{"line":98,"column":12},"end":{"line":99,"column":53}},{"start":{"line":100,"column":12},"end":{"line":101,"column":53}},{"start":{"line":102,"column":12},"end":{"line":103,"column":53}},{"start":{"line":104,"column":12},"end":{"line":105,"column":53}},{"start":{"line":106,"column":12},"end":{"line":107,"column":53}}],"line":73},"3":{"loc":{"start":{"line":111,"column":8},"end":{"line":126,"column":9}},"type":"switch","locations":[{"start":{"line":112,"column":12},"end":{"line":113,"column":53}},{"start":{"line":114,"column":12},"end":{"line":115,"column":53}},{"start":{"line":116,"column":12},"end":{"line":117,"column":54}},{"start":{"line":118,"column":12},"end":{"line":119,"column":53}},{"start":{"line":120,"column":12},"end":{"line":121,"column":53}},{"start":{"line":122,"column":12},"end":{"line":123,"column":53}},{"start":{"line":124,"column":12},"end":{"line":125,"column":54}}],"line":111},"4":{"loc":{"start":{"line":133,"column":8},"end":{"line":158,"column":9}},"type":"switch","locations":[{"start":{"line":134,"column":12},"end":{"line":136,"column":22}},{"start":{"line":137,"column":12},"end":{"line":139,"column":22}},{"start":{"line":140,"column":12},"end":{"line":142,"column":22}},{"start":{"line":143,"column":12},"end":{"line":145,"column":22}},{"start":{"line":146,"column":12},"end":{"line":148,"column":22}},{"start":{"line":149,"column":12},"end":{"line":151,"column":22}},{"start":{"line":152,"column":12},"end":{"line":154,"column":22}},{"start":{"line":155,"column":12},"end":{"line":157,"column":22}}],"line":133}},"s":{"0":1,"1":1,"2":1,"3":1,"4":1,"5":1,"6":1,"7":11,"8":1,"9":11,"10":11,"11":11,"12":11,"13":11,"14":11,"15":11,"16":11,"17":11,"18":11,"19":1,"20":11,"21":105,"22":105,"23":104,"24":1,"25":1,"26":0,"27":1,"28":104,"29":104,"30":104,"31":1,"32":1,"33":1,"34":1,"35":1,"36":1,"37":104,"38":104,"39":104,"40":1,"41":104,"42":6,"43":8,"44":6,"45":6,"46":6,"47":6,"48":6,"49":6,"50":6,"51":6,"52":6,"53":6,"54":6,"55":6,"56":6,"57":6,"58":6,"59":1,"60":104,"61":18,"62":18,"63":12,"64":18,"65":14,"66":12,"67":12,"68":1,"69":208,"70":208,"71":42,"72":42,"73":24,"74":24,"75":24,"76":24,"77":24,"78":24,"79":24,"80":24,"81":24,"82":24,"83":18,"84":18,"85":28,"86":28,"87":208,"88":1,"89":11,"90":11,"91":1,"92":1},"f":{"0":1,"1":11,"2":11,"3":11,"4":104,"5":1,"6":104,"7":104,"8":104,"9":208,"10":11},"b":{"0":[104,1],"1":[1,0],"2":[6,8,6,6,6,6,6,6,6,6,6,6,6,6,6,6,6],"3":[18,18,12,18,14,12,12],"4":[42,24,24,24,24,24,18,28]},"_coverageSchema":"332fd63041d2c1bcb487cc26dd0d5f7d97098a6c","hash":"92275cf75c6bdad8ddc356b0618bafcd2b742292","contentHash":"dd39100094f409d257dee48f926b5074_11.3.0"}}