TN:
SF:c:\github\gareththegeek\corewar\modules\LiteEvent.ts
FN:8,(anonymous_0)
FN:11,(anonymous_1)
FN:15,(anonymous_2)
FN:16,(anonymous_3)
FN:19,(anonymous_4)
FN:21,(anonymous_5)
FNF:6
FNH:4
FNDA:267,(anonymous_0)
FNDA:3,(anonymous_1)
FNDA:0,(anonymous_2)
FNDA:0,(anonymous_3)
FNDA:46,(anonymous_4)
FNDA:2,(anonymous_5)
DA:8,1
DA:9,267
DA:12,3
DA:16,0
DA:20,46
DA:21,46
LF:6
LH:5
BRDA:20,0,0,46
BRDA:20,0,1,0
BRF:2
BRH:1
end_of_record
TN:
SF:c:\github\gareththegeek\corewar\parser\AddressModPass.ts
FN:9,(anonymous_0)
FN:24,(anonymous_1)
FN:52,(anonymous_2)
FNF:3
FNH:3
FNDA:2,(anonymous_0)
FNDA:5,(anonymous_1)
FNDA:10,(anonymous_2)
DA:1,1
DA:5,1
DA:7,1
DA:14,2
DA:16,6
DA:17,5
DA:19,1
DA:27,5
DA:41,5
DA:42,1
DA:44,5
DA:46,5
DA:47,5
DA:49,5
DA:54,10
DA:56,10
DA:58,10
DA:59,1
DA:60,9
DA:61,1
DA:64,10
LF:21
LH:21
BRDA:16,0,0,5
BRDA:16,0,1,1
BRDA:41,1,0,1
BRDA:41,1,1,4
BRDA:58,2,0,1
BRDA:58,2,1,9
BRDA:60,3,0,1
BRDA:60,3,1,8
BRF:8
BRH:8
end_of_record
TN:
SF:c:\github\gareththegeek\corewar\parser\Context.ts
FN:16,(anonymous_0)
FN:28,(anonymous_1)
FN:33,(anonymous_2)
FN:38,(anonymous_3)
FN:42,(anonymous_4)
FNF:5
FNH:5
FNDA:209,(anonymous_0)
FNDA:285,(anonymous_1)
FNDA:257,(anonymous_2)
FNDA:297,(anonymous_3)
FNDA:27,(anonymous_4)
DA:6,1
DA:8,1
DA:17,209
DA:22,209
DA:23,209
DA:24,209
DA:25,209
DA:30,285
DA:35,257
DA:39,297
DA:44,27
DA:45,27
DA:47,27
DA:48,27
DA:50,27
DA:51,27
DA:52,27
DA:54,27
DA:55,27
DA:58,27
DA:59,27
DA:61,27
DA:62,27
DA:63,27
DA:65,27
DA:66,27
DA:69,27
DA:70,1
DA:72,27
DA:73,5
LF:30
LH:30
BRDA:39,0,0,297
BRDA:39,0,1,249
BRDA:44,1,0,27
BRDA:44,1,1,0
BRDA:47,2,0,27
BRDA:47,2,1,0
BRDA:50,3,0,27
BRDA:50,3,1,0
BRDA:51,4,0,27
BRDA:51,4,1,0
BRDA:54,5,0,27
BRDA:54,5,1,0
BRDA:58,6,0,27
BRDA:58,6,1,0
BRDA:61,7,0,27
BRDA:61,7,1,0
BRDA:62,8,0,27
BRDA:62,8,1,0
BRDA:65,9,0,27
BRDA:65,9,1,0
BRDA:69,10,0,1
BRDA:69,10,1,26
BRDA:72,11,0,5
BRDA:72,11,1,22
BRF:24
BRH:15
end_of_record
TN:
SF:c:\github\gareththegeek\corewar\parser\DefaultPass.ts
FN:9,(anonymous_0)
FN:25,(anonymous_1)
FN:47,(anonymous_2)
FN:73,(anonymous_3)
FN:81,(anonymous_4)
FN:93,(anonymous_5)
FN:113,(anonymous_6)
FN:145,(anonymous_7)
FN:210,(anonymous_8)
FNF:9
FNH:9
FNDA:53,(anonymous_0)
FNDA:52,(anonymous_1)
FNDA:52,(anonymous_2)
FNDA:156,(anonymous_3)
FNDA:9,(anonymous_4)
FNDA:104,(anonymous_5)
FNDA:52,(anonymous_6)
FNDA:52,(anonymous_7)
FNDA:52,(anonymous_8)
DA:1,1
DA:2,1
DA:4,1
DA:5,1
DA:7,1
DA:16,53
DA:18,53
DA:19,52
DA:21,1
DA:27,52
DA:29,52
DA:31,0
DA:36,0
DA:37,0
DA:40,52
DA:42,52
DA:44,52
DA:49,52
DA:51,52
DA:52,52
DA:53,52
DA:58,52
DA:59,52
DA:60,9
DA:61,43
DA:62,40
DA:65,52
DA:70,52
DA:74,156
DA:75,112
DA:78,44
DA:82,9
DA:83,7
DA:85,2
DA:94,104
DA:95,94
DA:98,10
DA:100,10
DA:102,4
DA:105,10
DA:115,52
DA:117,2
DA:118,2
DA:125,2
DA:131,2
DA:133,1
DA:135,1
DA:136,1
DA:137,1
DA:139,1
DA:140,1
DA:147,52
DA:149,42
DA:155,42
DA:157,1
DA:158,1
DA:163,12
DA:164,4
DA:165,8
DA:166,4
DA:168,4
DA:170,12
DA:176,20
DA:177,5
DA:178,15
DA:179,5
DA:180,10
DA:181,5
DA:183,5
DA:185,20
DA:187,3
DA:188,2
DA:190,1
DA:192,3
DA:199,6
DA:200,6
DA:202,0
DA:203,0
DA:206,42
DA:212,52
DA:213,52
DA:214,52
DA:216,52
DA:217,52
DA:218,51
DA:220,52
DA:221,52
LF:87
LH:82
BRDA:18,0,0,52
BRDA:18,0,1,1
BRDA:29,1,0,0
BRDA:29,1,1,52
BRDA:59,2,0,9
BRDA:59,2,1,43
BRDA:61,3,0,40
BRDA:61,3,1,3
BRDA:74,4,0,112
BRDA:74,4,1,44
BRDA:82,5,0,7
BRDA:82,5,1,2
BRDA:94,6,0,94
BRDA:94,6,1,10
BRDA:100,7,0,4
BRDA:100,7,1,6
BRDA:100,8,0,10
BRDA:100,8,1,4
BRDA:115,9,0,2
BRDA:115,9,1,50
BRDA:117,10,0,2
BRDA:117,10,1,0
BRDA:131,11,0,1
BRDA:131,11,1,1
BRDA:147,12,0,42
BRDA:147,12,1,10
BRDA:156,13,0,1
BRDA:156,13,1,3
BRDA:156,13,2,6
BRDA:156,13,3,9
BRDA:156,13,4,12
BRDA:156,13,5,4
BRDA:156,13,6,8
BRDA:156,13,7,12
BRDA:156,13,8,16
BRDA:156,13,9,20
BRDA:156,13,10,3
BRDA:156,13,11,1
BRDA:156,13,12,2
BRDA:156,13,13,3
BRDA:156,13,14,4
BRDA:156,13,15,5
BRDA:156,13,16,6
BRDA:156,13,17,0
BRDA:163,14,0,4
BRDA:163,14,1,8
BRDA:165,15,0,4
BRDA:165,15,1,4
BRDA:176,16,0,5
BRDA:176,16,1,15
BRDA:178,17,0,5
BRDA:178,17,1,10
BRDA:180,18,0,5
BRDA:180,18,1,5
BRDA:187,19,0,2
BRDA:187,19,1,1
BRDA:213,20,0,52
BRDA:213,20,1,0
BRDA:217,21,0,51
BRDA:217,21,1,1
BRF:60
BRH:56
end_of_record
TN:
SF:c:\github\gareththegeek\corewar\parser\Expression.ts
FN:9,(anonymous_0)
FN:18,(anonymous_1)
FN:40,(anonymous_2)
FN:66,(anonymous_3)
FN:83,(anonymous_4)
FN:89,(anonymous_5)
FNF:6
FNH:6
FNDA:18,(anonymous_0)
FNDA:24,(anonymous_1)
FNDA:37,(anonymous_2)
FNDA:8,(anonymous_3)
FNDA:7,(anonymous_4)
FNDA:54,(anonymous_5)
DA:2,1
DA:5,1
DA:11,18
DA:13,18
DA:15,18
DA:20,24
DA:22,21
DA:24,34
DA:26,34
DA:27,8
DA:28,8
DA:29,26
DA:30,5
DA:31,5
DA:33,21
DA:37,21
DA:42,37
DA:44,36
DA:46,51
DA:48,51
DA:49,7
DA:50,7
DA:51,44
DA:52,8
DA:53,8
DA:54,8
DA:55,36
DA:56,2
DA:57,2
DA:59,34
DA:63,34
DA:68,8
DA:69,1
DA:72,7
DA:73,7
DA:75,7
DA:76,3
DA:79,7
DA:85,7
DA:91,54
DA:93,54
DA:97,2
DA:98,52
DA:100,6
DA:101,6
DA:102,6
DA:103,5
DA:107,46
DA:108,45
LF:49
LH:49
BRDA:26,0,0,8
BRDA:26,0,1,26
BRDA:29,1,0,5
BRDA:29,1,1,21
BRDA:48,2,0,7
BRDA:48,2,1,44
BRDA:51,3,0,8
BRDA:51,3,1,36
BRDA:55,4,0,2
BRDA:55,4,1,34
BRDA:68,5,0,1
BRDA:68,5,1,7
BRDA:75,6,0,3
BRDA:75,6,1,4
BRDA:93,7,0,2
BRDA:93,7,1,52
BRDA:93,8,0,54
BRDA:93,8,1,53
BRDA:98,9,0,6
BRDA:98,9,1,46
BRF:20
BRH:20
end_of_record
TN:
SF:c:\github\gareththegeek\corewar\parser\Filter.ts
FN:11,(anonymous_0)
FN:38,(anonymous_1)
FN:43,(anonymous_2)
FNF:3
FNH:3
FNDA:7,(anonymous_0)
FNDA:1,(anonymous_1)
FNDA:1,(anonymous_2)
DA:1,1
DA:3,1
DA:5,1
DA:17,7
DA:19,7
DA:21,1
DA:22,1
DA:24,1
DA:25,1
DA:27,0
DA:28,0
DA:30,1
DA:32,5
DA:33,5
DA:34,5
DA:40,1
DA:45,1
DA:46,1
DA:47,1
LF:19
LH:17
BRDA:20,0,0,1
BRDA:20,0,1,1
BRDA:20,0,2,5
BRDA:24,1,0,1
BRDA:24,1,1,0
BRF:5
BRH:4
end_of_record
TN:
SF:c:\github\gareththegeek\corewar\parser\ForPass.ts
FN:10,(anonymous_0)
FN:19,(anonymous_1)
FN:42,(anonymous_2)
FN:47,(anonymous_3)
FN:73,(anonymous_4)
FNF:5
FNH:4
FNDA:4,(anonymous_0)
FNDA:4,(anonymous_1)
FNDA:4,(anonymous_2)
FNDA:0,(anonymous_3)
FNDA:4,(anonymous_4)
DA:2,1
DA:4,1
DA:6,1
DA:11,4
DA:12,4
DA:25,4
DA:27,4
DA:29,0
DA:31,4
DA:33,4
DA:34,4
DA:37,0
DA:38,0
DA:43,4
DA:49,0
DA:51,0
DA:53,0
DA:55,0
DA:59,0
DA:60,0
DA:79,4
DA:81,4
DA:82,1
DA:85,4
DA:87,4
DA:89,4
DA:91,1
DA:94,4
DA:96,3
DA:98,5
DA:101,3
LF:31
LH:22
BRDA:27,0,0,0
BRDA:27,0,1,4
BRDA:31,1,0,4
BRDA:31,1,1,0
BRDA:43,2,0,4
BRDA:43,2,1,4
BRDA:53,3,0,0
BRDA:53,3,1,0
BRDA:81,4,0,1
BRDA:81,4,1,3
BRDA:89,5,0,5
BRDA:89,5,1,4
BRF:12
BRH:8
end_of_record
TN:
SF:c:\github\gareththegeek\corewar\parser\IllegalCommandCheck.ts
FN:9,(anonymous_0)
FN:48,(anonymous_1)
FNF:2
FNH:2
FNDA:33,(anonymous_0)
FNDA:33,(anonymous_1)
DA:2,1
DA:3,1
DA:4,1
DA:6,1
DA:11,33
DA:12,33
DA:14,0
DA:20,1
DA:50,33
DA:64,33
DA:68,33
DA:70,11
DA:75,22
DA:76,22
LF:14
LH:13
BRDA:11,0,0,33
BRDA:11,0,1,0
BRDA:68,1,0,11
BRDA:68,1,1,22
BRF:4
BRH:3
end_of_record
TN:
SF:c:\github\gareththegeek\corewar\parser\JsonSerialiser.ts
FN:6,(anonymous_0)
FNF:1
FNH:1
FNDA:1,(anonymous_0)
DA:4,1
DA:8,1
LF:2
LH:2
BRF:0
BRH:0
end_of_record
TN:
SF:c:\github\gareththegeek\corewar\parser\LabelCollector.ts
FN:16,(anonymous_0)
FN:23,(anonymous_1)
FN:34,(anonymous_2)
FN:52,(anonymous_3)
FNF:4
FNH:4
FNDA:9,(anonymous_0)
FNDA:16,(anonymous_1)
FNDA:22,(anonymous_2)
FNDA:12,(anonymous_3)
DA:1,1
DA:2,1
DA:5,1
DA:7,1
DA:18,9
DA:20,9
DA:25,16
DA:28,2
DA:30,14
DA:36,22
DA:38,22
DA:41,17
DA:44,22
DA:45,12
DA:48,21
DA:49,21
DA:54,12
DA:56,14
DA:57,14
DA:59,14
DA:62,2
DA:64,12
DA:68,12
DA:70,12
DA:71,1
DA:74,11
DA:75,10
LF:27
LH:27
BRDA:26,0,0,0
BRDA:26,0,1,2
BRDA:26,0,2,14
BRDA:28,1,0,1
BRDA:28,1,1,1
BRDA:38,2,0,17
BRDA:38,2,1,5
BRDA:38,3,0,22
BRDA:38,3,1,10
BRDA:44,4,0,12
BRDA:44,4,1,10
BRDA:54,5,0,26
BRDA:54,5,1,26
BRDA:59,6,0,2
BRDA:59,6,1,12
BRDA:59,7,0,14
BRDA:59,7,1,13
BRDA:70,8,0,1
BRDA:70,8,1,11
BRF:19
BRH:18
end_of_record
TN:
SF:c:\github\gareththegeek\corewar\parser\LabelEmitter.ts
FN:13,(anonymous_0)
FN:19,(anonymous_1)
FN:30,(anonymous_2)
FN:47,(anonymous_3)
FN:51,(anonymous_4)
FN:61,(anonymous_5)
FN:70,(anonymous_6)
FNF:7
FNH:7
FNDA:5,(anonymous_0)
FNDA:8,(anonymous_1)
FNDA:9,(anonymous_2)
FNDA:7,(anonymous_3)
FNDA:30,(anonymous_4)
FNDA:1,(anonymous_5)
FNDA:7,(anonymous_6)
DA:1,1
DA:2,1
DA:3,1
DA:5,1
DA:7,1
DA:9,1
DA:15,5
DA:16,5
DA:21,8
DA:24,2
DA:26,6
DA:36,9
DA:37,5
DA:38,5
DA:39,4
DA:40,2
DA:42,2
DA:43,2
DA:49,7
DA:51,7
DA:53,30
DA:54,7
DA:56,23
DA:63,1
DA:72,7
DA:74,7
DA:76,6
DA:78,6
DA:79,6
DA:80,4
DA:83,6
DA:89,6
DA:92,1
LF:33
LH:33
BRDA:22,0,0,0
BRDA:22,0,1,2
BRDA:22,0,2,6
BRDA:24,1,0,1
BRDA:24,1,1,1
BRDA:36,2,0,5
BRDA:36,2,1,4
BRDA:39,3,0,2
BRDA:39,3,1,2
BRDA:53,4,0,7
BRDA:53,4,1,23
BRDA:74,5,0,6
BRDA:74,5,1,1
BRDA:79,6,0,4
BRDA:79,6,1,2
BRF:15
BRH:14
end_of_record
TN:
SF:c:\github\gareththegeek\corewar\parser\LoadFileSerialiser.ts
FN:9,(anonymous_0)
FN:14,(anonymous_1)
FN:22,(anonymous_2)
FNF:3
FNH:3
FNDA:4,(anonymous_0)
FNDA:23,(anonymous_1)
FNDA:23,(anonymous_2)
DA:1,1
DA:3,1
DA:5,1
DA:11,4
DA:12,4
DA:14,4
DA:15,23
DA:16,23
DA:19,4
DA:24,23
DA:27,2
DA:30,2
DA:33,4
DA:36,2
DA:39,4
DA:42,3
DA:45,2
DA:48,1
DA:49,0
DA:51,1
DA:55,3
LF:21
LH:20
BRDA:26,0,0,2
BRDA:26,0,1,2
BRDA:26,0,2,4
BRDA:26,0,3,2
BRDA:26,0,4,4
BRDA:26,0,5,3
BRDA:26,0,6,2
BRDA:26,0,7,1
BRDA:26,0,8,3
BRDA:48,1,0,0
BRDA:48,1,1,1
BRF:11
BRH:10
end_of_record
TN:
SF:c:\github\gareththegeek\corewar\parser\LoadParser.ts
FN:20,(anonymous_0)
FN:34,(anonymous_1)
FN:35,(anonymous_2)
FN:40,(anonymous_3)
FNF:4
FNH:4
FNDA:11,(anonymous_0)
FNDA:35,(anonymous_1)
FNDA:12,(anonymous_2)
FNDA:11,(anonymous_3)
DA:5,1
DA:6,1
DA:8,1
DA:10,1
DA:12,1
DA:27,11
DA:28,11
DA:29,11
DA:30,11
DA:31,11
DA:35,35
DA:36,12
DA:42,11
DA:44,11
DA:46,11
DA:47,10
DA:49,11
DA:50,9
DA:52,11
DA:53,2
DA:54,2
DA:57,11
DA:58,8
DA:61,11
LF:24
LH:24
BRDA:42,0,0,11
BRDA:42,0,1,2
BRDA:46,1,0,10
BRDA:46,1,1,1
BRDA:49,2,0,9
BRDA:49,2,1,2
BRDA:52,3,0,2
BRDA:52,3,1,9
BRDA:53,4,0,2
BRDA:53,4,1,0
BRDA:57,5,0,8
BRDA:57,5,1,3
BRF:12
BRH:11
end_of_record
TN:
SF:c:\github\gareththegeek\corewar\parser\MathsProcessor.ts
FN:10,(anonymous_0)
FN:15,(anonymous_1)
FNF:2
FNH:2
FNDA:17,(anonymous_0)
FNDA:43,(anonymous_1)
DA:2,1
DA:3,1
DA:4,1
DA:6,1
DA:11,17
DA:12,17
DA:20,43
DA:22,43
DA:25,17
DA:26,17
DA:28,14
DA:34,3
DA:37,26
LF:13
LH:13
BRDA:22,0,0,17
BRDA:22,0,1,26
BRDA:22,1,0,43
BRDA:22,1,1,31
BRF:4
BRH:4
end_of_record
TN:
SF:c:\github\gareththegeek\corewar\parser\MetaDataCollector.ts
FN:14,(anonymous_0)
FN:42,(anonymous_1)
FN:54,(anonymous_2)
FNF:3
FNH:3
FNDA:9,(anonymous_0)
FNDA:9,(anonymous_1)
FNDA:14,(anonymous_2)
DA:5,1
DA:7,1
DA:9,1
DA:21,9
DA:22,9
DA:24,9
DA:30,9
DA:32,9
DA:33,7
DA:35,9
DA:36,7
DA:39,9
DA:44,9
DA:46,28
DA:47,28
DA:49,14
DA:56,14
DA:59,3
DA:61,3
DA:62,1
DA:65,3
DA:67,11
DA:70,3
DA:72,3
DA:73,1
DA:76,3
DA:78,8
DA:81,4
LF:28
LH:28
BRDA:32,0,0,7
BRDA:32,0,1,2
BRDA:35,1,0,7
BRDA:35,1,1,2
BRDA:47,2,0,14
BRDA:47,2,1,14
BRDA:56,3,0,3
BRDA:56,3,1,11
BRDA:56,4,0,14
BRDA:56,4,1,12
BRDA:61,5,0,1
BRDA:61,5,1,2
BRDA:67,6,0,3
BRDA:67,6,1,8
BRDA:67,7,0,11
BRDA:67,7,1,9
BRDA:72,8,0,1
BRDA:72,8,1,2
BRDA:78,9,0,4
BRDA:78,9,1,4
BRDA:78,10,0,8
BRDA:78,10,1,5
BRF:22
BRH:22
end_of_record
TN:
SF:c:\github\gareththegeek\corewar\parser\OrgPass.ts
FN:15,(anonymous_0)
FN:34,(anonymous_1)
FN:58,(anonymous_2)
FN:79,(anonymous_3)
FN:112,(anonymous_4)
FNF:5
FNH:5
FNDA:9,(anonymous_0)
FNDA:19,(anonymous_1)
FNDA:7,(anonymous_2)
FNDA:4,(anonymous_3)
FNDA:9,(anonymous_4)
DA:1,1
DA:3,1
DA:4,1
DA:6,1
DA:8,1
DA:22,9
DA:23,9
DA:24,9
DA:25,9
DA:27,9
DA:29,9
DA:31,9
DA:36,19
DA:38,19
DA:41,9
DA:44,19
DA:46,11
DA:47,7
DA:48,4
DA:49,4
DA:51,0
DA:54,8
DA:60,7
DA:61,7
DA:63,7
DA:65,2
DA:68,7
DA:70,6
DA:72,6
DA:73,1
DA:76,6
DA:81,4
DA:82,4
DA:83,4
DA:85,4
DA:87,2
DA:90,4
DA:92,0
DA:95,4
DA:97,3
DA:99,2
DA:101,1
DA:104,1
DA:105,1
DA:110,1
DA:114,9
DA:116,4
DA:118,1
DA:120,3
DA:123,4
DA:130,9
DA:136,9
DA:142,9
DA:144,9
DA:145,1
DA:148,9
DA:155,9
DA:156,9
LF:58
LH:56
BRDA:38,0,0,9
BRDA:38,0,1,10
BRDA:38,1,0,19
BRDA:38,1,1,11
BRDA:44,2,0,11
BRDA:44,2,1,8
BRDA:46,3,0,7
BRDA:46,3,1,4
BRDA:48,4,0,4
BRDA:48,4,1,0
BRDA:63,5,0,2
BRDA:63,5,1,5
BRDA:72,6,0,1
BRDA:72,6,1,5
BRDA:85,7,0,2
BRDA:85,7,1,2
BRDA:90,8,0,0
BRDA:90,8,1,4
BRDA:97,9,0,2
BRDA:97,9,1,1
BRDA:99,10,0,1
BRDA:99,10,1,1
BRDA:114,11,0,4
BRDA:114,11,1,5
BRDA:116,12,0,1
BRDA:116,12,1,3
BRDA:116,13,0,4
BRDA:116,13,1,1
BRDA:144,14,0,1
BRDA:144,14,1,8
BRF:30
BRH:28
end_of_record
TN:
SF:c:\github\gareththegeek\corewar\parser\Parser.ts
FN:33,(anonymous_0)
FN:65,(anonymous_1)
FN:66,(anonymous_2)
FN:71,(anonymous_3)
FNF:4
FNH:4
FNDA:19,(anonymous_0)
FNDA:228,(anonymous_1)
FNDA:156,(anonymous_2)
FNDA:19,(anonymous_3)
DA:5,1
DA:6,1
DA:8,1
DA:11,1
DA:28,1
DA:49,19
DA:50,19
DA:51,19
DA:52,19
DA:53,19
DA:54,19
DA:55,19
DA:56,19
DA:57,19
DA:58,19
DA:59,19
DA:60,19
DA:61,19
DA:62,19
DA:66,228
DA:67,156
DA:73,19
DA:75,19
DA:77,19
DA:78,18
DA:80,19
DA:81,17
DA:83,19
DA:84,17
DA:85,14
DA:88,19
DA:89,15
DA:91,19
DA:92,14
DA:94,19
DA:95,13
DA:97,19
DA:98,12
DA:100,19
DA:101,11
DA:103,19
DA:104,10
DA:106,19
DA:107,9
DA:109,19
DA:110,8
DA:112,19
DA:113,7
DA:115,19
DA:116,2
DA:117,2
DA:121,19
LF:52
LH:52
BRDA:73,0,0,19
BRDA:73,0,1,1
BRDA:77,1,0,18
BRDA:77,1,1,1
BRDA:80,2,0,17
BRDA:80,2,1,2
BRDA:83,3,0,17
BRDA:83,3,1,2
BRDA:84,4,0,14
BRDA:84,4,1,3
BRDA:88,5,0,15
BRDA:88,5,1,4
BRDA:91,6,0,14
BRDA:91,6,1,5
BRDA:94,7,0,13
BRDA:94,7,1,6
BRDA:97,8,0,12
BRDA:97,8,1,7
BRDA:100,9,0,11
BRDA:100,9,1,8
BRDA:103,10,0,10
BRDA:103,10,1,9
BRDA:106,11,0,9
BRDA:106,11,1,10
BRDA:109,12,0,8
BRDA:109,12,1,11
BRDA:112,13,0,7
BRDA:112,13,1,12
BRDA:115,14,0,2
BRDA:115,14,1,17
BRDA:116,15,0,2
BRDA:116,15,1,0
BRF:32
BRH:31
end_of_record
TN:
SF:c:\github\gareththegeek\corewar\parser\PassBase.ts
FN:14,(anonymous_0)
FN:32,(anonymous_1)
FN:44,(anonymous_2)
FNF:3
FNH:2
FNDA:131,(anonymous_0)
FNDA:131,(anonymous_1)
FNDA:0,(anonymous_2)
DA:6,1
DA:8,1
DA:22,131
DA:23,131
DA:24,131
DA:25,131
DA:27,131
DA:29,131
DA:34,131
DA:36,241
DA:37,241
DA:39,30
DA:46,0
LF:13
LH:12
BRF:0
BRH:0
end_of_record
TN:
SF:c:\github\gareththegeek\corewar\parser\PreprocessAnalyser.ts
FN:14,(anonymous_0)
FN:31,(anonymous_1)
FN:35,(anonymous_2)
FN:39,(anonymous_3)
FN:44,(anonymous_4)
FN:50,(anonymous_5)
FN:60,(anonymous_6)
FN:65,(anonymous_7)
FN:81,(anonymous_8)
FN:89,(anonymous_9)
FN:98,(anonymous_10)
FN:102,(anonymous_11)
FN:108,(anonymous_12)
FN:113,(anonymous_13)
FNF:14
FNH:14
FNDA:5,(anonymous_0)
FNDA:5,(anonymous_1)
FNDA:9,(anonymous_2)
FNDA:12,(anonymous_3)
FNDA:7,(anonymous_4)
FNDA:3,(anonymous_5)
FNDA:5,(anonymous_6)
FNDA:9,(anonymous_7)
FNDA:23,(anonymous_8)
FNDA:14,(anonymous_9)
FNDA:4,(anonymous_10)
FNDA:6,(anonymous_11)
FNDA:6,(anonymous_12)
FNDA:13,(anonymous_13)
DA:4,1
DA:5,1
DA:6,1
DA:8,1
DA:20,5
DA:21,5
DA:23,5
DA:24,5
DA:25,4
DA:28,5
DA:33,5
DA:35,5
DA:37,9
DA:39,9
DA:40,12
DA:44,9
DA:45,7
DA:52,3
DA:62,5
DA:63,5
DA:65,5
DA:67,9
DA:68,9
DA:70,9
DA:73,3
DA:74,3
DA:78,5
DA:83,23
DA:84,3
DA:87,20
DA:89,20
DA:91,14
DA:94,11
DA:95,11
DA:100,4
DA:102,4
DA:104,6
DA:110,6
DA:111,6
DA:113,6
DA:114,13
DA:118,3
DA:119,6
DA:121,4
DA:123,4
DA:125,4
DA:126,4
LF:47
LH:47
BRDA:24,0,0,4
BRDA:24,0,1,1
BRDA:40,1,0,12
BRDA:40,1,1,8
BRDA:83,2,0,3
BRDA:83,2,1,20
BRDA:114,3,0,13
BRDA:114,3,1,4
BRDA:119,4,0,4
BRDA:119,4,1,2
BRDA:123,5,0,4
BRDA:123,5,1,0
BRF:12
BRH:11
end_of_record
TN:
SF:c:\github\gareththegeek\corewar\parser\PreprocessCollector.ts
FN:17,(anonymous_0)
FN:28,(anonymous_1)
FN:51,(anonymous_2)
FN:59,(anonymous_3)
FN:64,(anonymous_4)
FN:90,(anonymous_5)
FN:99,(anonymous_6)
FN:107,(anonymous_7)
FN:111,(anonymous_8)
FN:121,(anonymous_9)
FN:135,(anonymous_10)
FNF:11
FNH:11
FNDA:9,(anonymous_0)
FNDA:9,(anonymous_1)
FNDA:11,(anonymous_2)
FNDA:12,(anonymous_3)
FNDA:12,(anonymous_4)
FNDA:2,(anonymous_5)
FNDA:10,(anonymous_6)
FNDA:27,(anonymous_7)
FNDA:14,(anonymous_8)
FNDA:1,(anonymous_9)
FNDA:2,(anonymous_10)
DA:1,1
DA:3,1
DA:4,1
DA:5,1
DA:7,1
DA:9,1
DA:23,9
DA:25,9
DA:30,9
DA:32,23
DA:34,23
DA:36,12
DA:37,12
DA:39,11
DA:41,1
DA:45,10
DA:46,10
DA:53,11
DA:60,12
DA:66,12
DA:68,12
DA:70,16
DA:72,16
DA:73,16
DA:76,12
DA:78,12
DA:80,10
DA:84,2
DA:85,2
DA:86,2
DA:92,2
DA:101,10
DA:104,10
DA:107,10
DA:108,27
DA:111,10
DA:113,14
DA:114,2
DA:116,12
DA:123,1
DA:125,1
DA:131,1
DA:133,1
DA:135,1
DA:137,2
DA:138,2
LF:46
LH:46
BRDA:34,0,0,12
BRDA:34,0,1,11
BRDA:39,1,0,1
BRDA:39,1,1,10
BRDA:53,2,0,11
BRDA:53,2,1,2
BRDA:53,2,2,2
BRDA:53,2,3,2
BRDA:60,3,0,12
BRDA:60,3,1,10
BRDA:78,4,0,10
BRDA:78,4,1,2
BRDA:113,5,0,2
BRDA:113,5,1,12
BRF:14
BRH:14
end_of_record
TN:
SF:c:\github\gareththegeek\corewar\parser\PreprocessEmitter.ts
FN:12,(anonymous_0)
FN:28,(anonymous_1)
FN:33,(anonymous_2)
FNF:3
FNH:3
FNDA:19,(anonymous_0)
FNDA:7,(anonymous_1)
FNDA:11,(anonymous_2)
DA:1,1
DA:2,1
DA:4,1
DA:6,1
DA:17,19
DA:19,19
DA:22,7
DA:24,12
DA:30,7
DA:31,7
DA:33,7
DA:34,11
DA:35,11
DA:36,11
DA:39,7
LF:15
LH:15
BRDA:19,0,0,7
BRDA:19,0,1,12
BRDA:19,1,0,19
BRDA:19,1,1,8
BRF:4
BRH:4
end_of_record
TN:
SF:c:\github\gareththegeek\corewar\parser\Scanner.ts
FN:29,(anonymous_0)
FN:44,(anonymous_1)
FN:91,(anonymous_2)
FN:104,(anonymous_3)
FN:154,(anonymous_4)
FN:181,(anonymous_5)
FN:186,(anonymous_6)
FN:247,(anonymous_7)
FN:252,(anonymous_8)
FN:258,(anonymous_9)
FN:280,(anonymous_10)
FN:284,(anonymous_11)
FNF:12
FNH:12
FNDA:34,(anonymous_0)
FNDA:100,(anonymous_1)
FNDA:34,(anonymous_2)
FNDA:100,(anonymous_3)
FNDA:487,(anonymous_4)
FNDA:407,(anonymous_5)
FNDA:2846,(anonymous_6)
FNDA:3,(anonymous_7)
FNDA:539,(anonymous_8)
FNDA:539,(anonymous_9)
FNDA:100,(anonymous_10)
FNDA:651,(anonymous_11)
DA:3,1
DA:4,1
DA:6,1
DA:21,1
DA:31,34
DA:33,34
DA:34,34
DA:39,34
DA:41,34
DA:42,34
DA:44,34
DA:45,100
DA:46,100
DA:49,34
DA:52,1
DA:65,1
DA:78,1
DA:92,34
DA:94,19
DA:96,8
DA:98,7
DA:100,0
DA:106,100
DA:107,100
DA:109,100
DA:111,1446
DA:113,1446
DA:114,0
DA:115,1446
DA:117,3
DA:119,2
DA:120,2
DA:123,3
DA:125,3
DA:126,3
DA:129,1443
DA:131,1443
DA:132,1125
DA:135,318
DA:137,314
DA:138,314
DA:141,318
DA:145,100
DA:147,91
DA:148,91
DA:151,100
DA:156,487
DA:157,207
DA:160,280
DA:161,274
DA:168,6
DA:172,6
DA:173,4
DA:174,2
DA:175,2
DA:177,0
DA:184,407
DA:186,407
DA:188,2846
DA:190,2846
DA:192,485
DA:193,485
DA:194,485
DA:195,485
DA:198,2361
DA:201,407
DA:203,539
DA:204,0
DA:207,539
DA:208,45
DA:211,494
DA:212,26
DA:215,468
DA:216,32
DA:219,436
DA:220,131
DA:223,305
DA:224,33
DA:227,272
DA:228,122
DA:231,150
DA:232,22
DA:235,128
DA:236,74
DA:239,54
DA:240,0
DA:243,54
DA:249,3
DA:253,539
DA:263,539
DA:264,256
DA:266,9
DA:267,247
DA:268,1
DA:272,539
DA:273,170
DA:276,539
DA:277,539
DA:281,100
DA:286,651
DA:295,651
LF:101
LH:96
BRDA:93,0,0,19
BRDA:93,0,1,8
BRDA:93,0,2,7
BRDA:93,0,3,0
BRDA:113,1,0,0
BRDA:113,1,1,1446
BRDA:115,2,0,3
BRDA:115,2,1,1443
BRDA:117,3,0,2
BRDA:117,3,1,1
BRDA:131,4,0,1125
BRDA:131,4,1,318
BRDA:135,5,0,314
BRDA:135,5,1,4
BRDA:145,6,0,91
BRDA:145,6,1,9
BRDA:156,7,0,207
BRDA:156,7,1,280
BRDA:160,8,0,274
BRDA:160,8,1,6
BRDA:168,9,0,6
BRDA:168,9,1,5
BRDA:168,9,2,4
BRDA:172,10,0,4
BRDA:172,10,1,2
BRDA:174,11,0,2
BRDA:174,11,1,0
BRDA:190,12,0,485
BRDA:190,12,1,2361
BRDA:190,13,0,2846
BRDA:190,13,1,487
BRDA:190,13,2,487
BRDA:203,14,0,0
BRDA:203,14,1,539
BRDA:207,15,0,45
BRDA:207,15,1,494
BRDA:211,16,0,26
BRDA:211,16,1,468
BRDA:215,17,0,32
BRDA:215,17,1,436
BRDA:219,18,0,131
BRDA:219,18,1,305
BRDA:223,19,0,33
BRDA:223,19,1,272
BRDA:227,20,0,122
BRDA:227,20,1,150
BRDA:231,21,0,22
BRDA:231,21,1,128
BRDA:235,22,0,74
BRDA:235,22,1,54
BRDA:239,23,0,0
BRDA:239,23,1,54
BRDA:253,24,0,539
BRDA:253,24,1,417
BRDA:253,24,2,391
BRDA:263,25,0,256
BRDA:263,25,1,283
BRDA:264,26,0,9
BRDA:264,26,1,247
BRDA:264,27,0,256
BRDA:264,27,1,190
BRDA:264,27,2,9
BRDA:264,27,3,5
BRDA:267,28,0,1
BRDA:267,28,1,246
BRDA:267,29,0,247
BRDA:267,29,1,5
BRDA:272,30,0,170
BRDA:272,30,1,369
BRF:69
BRH:64
end_of_record
TN:
SF:c:\github\gareththegeek\corewar\parser\SyntaxCheck.ts
FN:6,(anonymous_0)
FN:22,(anonymous_1)
FN:28,(anonymous_2)
FN:35,(anonymous_3)
FN:41,(anonymous_4)
FNF:5
FNH:5
FNDA:21,(anonymous_0)
FNDA:59,(anonymous_1)
FNDA:3,(anonymous_2)
FNDA:3,(anonymous_3)
FNDA:10,(anonymous_4)
DA:1,1
DA:2,1
DA:4,1
DA:8,21
DA:10,21
DA:11,10
DA:12,11
DA:13,3
DA:14,8
DA:16,2
DA:18,6
DA:24,59
DA:25,51
DA:30,3
DA:31,0
DA:37,3
DA:38,3
DA:43,10
DA:44,10
DA:46,8
DA:47,7
DA:48,6
DA:50,5
DA:51,4
DA:53,3
DA:54,3
LF:26
LH:25
BRDA:10,0,0,10
BRDA:10,0,1,11
BRDA:12,1,0,3
BRDA:12,1,1,8
BRDA:14,2,0,2
BRDA:14,2,1,6
BRDA:14,3,0,8
BRDA:14,3,1,2
BRDA:14,3,2,1
BRDA:30,4,0,0
BRDA:30,4,1,3
BRF:11
BRH:10
end_of_record
TN:
SF:c:\github\gareththegeek\corewar\parser\TokenStream.ts
FN:13,(anonymous_0)
FN:19,(anonymous_1)
FN:23,(anonymous_2)
FN:27,(anonymous_3)
FN:31,(anonymous_4)
FN:45,(anonymous_5)
FN:54,(anonymous_6)
FN:69,(anonymous_7)
FN:86,(anonymous_8)
FN:96,(anonymous_9)
FNF:10
FNH:10
FNDA:157,(anonymous_0)
FNDA:1703,(anonymous_1)
FNDA:975,(anonymous_2)
FNDA:2151,(anonymous_3)
FNDA:292,(anonymous_4)
FNDA:10,(anonymous_5)
FNDA:32,(anonymous_6)
FNDA:450,(anonymous_7)
FNDA:20,(anonymous_8)
FNDA:13,(anonymous_9)
DA:1,1
DA:2,1
DA:4,1
DA:5,1
DA:7,1
DA:14,157
DA:15,157
DA:16,157
DA:20,1703
DA:24,975
DA:28,2151
DA:32,292
DA:34,292
DA:35,524
DA:36,524
DA:37,524
DA:38,278
DA:42,292
DA:47,10
DA:56,32
DA:57,1
DA:60,31
DA:62,31
DA:63,1
DA:66,30
DA:71,450
DA:72,0
DA:77,450
DA:79,450
DA:80,13
DA:83,437
DA:88,20
DA:93,20
DA:98,13
DA:103,13
LF:35
LH:34
BRDA:37,0,0,278
BRDA:37,0,1,246
BRDA:56,1,0,1
BRDA:56,1,1,31
BRDA:62,2,0,1
BRDA:62,2,1,30
BRDA:71,3,0,0
BRDA:71,3,1,450
BRDA:79,4,0,13
BRDA:79,4,1,437
BRF:10
BRH:9
end_of_record
TN:
SF:c:\github\gareththegeek\corewar\parser\interface\IMessage.ts
FN:3,(anonymous_0)
FNF:1
FNH:1
FNDA:1,(anonymous_0)
DA:3,1
DA:4,1
DA:5,1
DA:6,1
LF:4
LH:4
BRDA:3,0,0,1
BRDA:3,0,1,1
BRF:2
BRH:2
end_of_record
TN:
SF:c:\github\gareththegeek\corewar\parser\interface\IParseOptions.ts
FN:2,(anonymous_0)
FNF:1
FNH:1
FNDA:1,(anonymous_0)
DA:2,1
DA:3,1
DA:4,1
DA:5,1
LF:4
LH:4
BRDA:2,0,0,1
BRDA:2,0,1,1
BRF:2
BRH:2
end_of_record
TN:
SF:c:\github\gareththegeek\corewar\parser\interface\IToken.ts
FN:2,(anonymous_0)
FNF:1
FNH:1
FNDA:1,(anonymous_0)
DA:2,1
DA:3,1
DA:4,1
DA:5,1
DA:6,1
DA:7,1
DA:8,1
DA:9,1
DA:10,1
DA:11,1
DA:12,1
DA:13,1
LF:12
LH:12
BRDA:2,0,0,1
BRDA:2,0,1,1
BRF:2
BRH:2
end_of_record
TN:
SF:c:\github\gareththegeek\corewar\simulator\Core.ts
FN:21,(anonymous_0)
FN:12,(anonymous_1)
FN:25,(anonymous_2)
FN:33,(anonymous_3)
FN:37,(anonymous_4)
FN:41,(anonymous_5)
FN:49,(anonymous_6)
FN:66,(anonymous_7)
FN:73,(anonymous_8)
FN:82,(anonymous_9)
FN:89,(anonymous_10)
FN:98,(anonymous_11)
FN:106,(anonymous_12)
FNF:13
FNH:11
FNDA:11,(anonymous_0)
FNDA:3,(anonymous_1)
FNDA:11,(anonymous_2)
FNDA:0,(anonymous_3)
FNDA:1,(anonymous_4)
FNDA:59,(anonymous_5)
FNDA:46,(anonymous_6)
FNDA:1,(anonymous_7)
FNDA:33,(anonymous_8)
FNDA:0,(anonymous_9)
FNDA:13,(anonymous_10)
FNDA:11,(anonymous_11)
FNDA:63,(anonymous_12)
DA:1,1
DA:2,1
DA:6,1
DA:8,1
DA:13,3
DA:17,11
DA:22,11
DA:27,11
DA:28,11
DA:30,11
DA:34,0
DA:38,1
DA:43,59
DA:44,59
DA:46,59
DA:51,46
DA:52,0
DA:59,46
DA:68,1
DA:70,1
DA:75,33
DA:77,33
DA:79,33
DA:84,0
DA:86,0
DA:91,13
DA:93,13
DA:95,13
DA:100,11
DA:101,11
DA:102,63
DA:108,63
DA:109,63
DA:110,63
DA:111,63
DA:113,63
LF:36
LH:32
BRDA:44,0,0,50
BRDA:44,0,1,9
BRDA:51,1,0,0
BRDA:51,1,1,46
BRF:4
BRH:3
end_of_record
TN:
SF:c:\github\gareththegeek\corewar\simulator\Decoder.ts
FN:24,(anonymous_0)
FN:29,(anonymous_1)
FN:53,(anonymous_2)
FN:57,(anonymous_3)
FN:61,(anonymous_4)
FN:68,(anonymous_5)
FN:75,(anonymous_6)
FN:91,(anonymous_7)
FN:107,(anonymous_8)
FN:123,(anonymous_9)
FNF:10
FNH:10
FNDA:17,(anonymous_0)
FNDA:17,(anonymous_1)
FNDA:20,(anonymous_2)
FNDA:2,(anonymous_3)
FNDA:2,(anonymous_4)
FNDA:2,(anonymous_5)
FNDA:2,(anonymous_6)
FNDA:2,(anonymous_7)
FNDA:2,(anonymous_8)
FNDA:2,(anonymous_9)
DA:7,1
DA:9,1
DA:13,17
DA:26,17
DA:31,17
DA:32,17
DA:34,17
DA:40,17
DA:46,17
DA:50,17
DA:54,20
DA:58,2
DA:63,2
DA:65,2
DA:70,2
DA:72,2
DA:77,2
DA:79,2
DA:81,2
DA:83,2
DA:85,2
DA:86,2
DA:88,2
DA:93,2
DA:95,2
DA:97,2
DA:99,2
DA:101,2
DA:102,2
DA:104,2
DA:109,2
DA:111,2
DA:113,2
DA:115,2
DA:117,2
DA:118,2
DA:120,2
DA:125,2
DA:127,2
DA:129,2
DA:131,2
DA:133,2
DA:134,2
DA:136,2
LF:44
LH:44
BRF:0
BRH:0
end_of_record
TN:
SF:c:\github\gareththegeek\corewar\simulator\Defaults.ts
FNF:0
FNH:0
DA:2,1
DA:3,1
DA:5,1
DA:7,1
DA:8,1
DA:9,1
DA:22,1
DA:23,1
DA:24,1
LF:9
LH:9
BRF:0
BRH:0
end_of_record
TN:
SF:c:\github\gareththegeek\corewar\simulator\EndCondition.ts
FN:10,(anonymous_0)
FN:14,(anonymous_1)
FN:29,(anonymous_2)
FNF:3
FNH:2
FNDA:0,(anonymous_0)
FNDA:5,(anonymous_1)
FNDA:6,(anonymous_2)
DA:4,1
DA:6,1
DA:11,0
DA:16,5
DA:17,1
DA:20,4
DA:21,4
DA:23,0
DA:29,6
DA:31,4
DA:32,2
DA:34,2
LF:12
LH:10
BRDA:16,0,0,1
BRDA:16,0,1,4
BRDA:20,1,0,4
BRDA:20,1,1,0
BRDA:21,2,0,0
BRDA:21,2,1,4
BRDA:31,3,0,2
BRDA:31,3,1,2
BRF:8
BRH:6
end_of_record
TN:
SF:c:\github\gareththegeek\corewar\simulator\Executive.ts
FN:6,(anonymous_0)
FN:148,(anonymous_1)
FN:153,(anonymous_2)
FN:160,(anonymous_3)
FN:168,(anonymous_4)
FN:176,(anonymous_5)
FN:184,(anonymous_6)
FN:192,(anonymous_7)
FN:201,(anonymous_8)
FN:210,(anonymous_9)
FN:229,(anonymous_10)
FN:239,(anonymous_11)
FN:249,(anonymous_12)
FN:259,(anonymous_13)
FN:269,(anonymous_14)
FN:282,(anonymous_15)
FN:295,(anonymous_16)
FN:305,(anonymous_17)
FN:315,(anonymous_18)
FN:325,(anonymous_19)
FN:335,(anonymous_20)
FN:348,(anonymous_21)
FN:361,(anonymous_22)
FN:371,(anonymous_23)
FN:381,(anonymous_24)
FN:391,(anonymous_25)
FN:401,(anonymous_26)
FN:414,(anonymous_27)
FN:427,(anonymous_28)
FN:439,(anonymous_29)
FN:451,(anonymous_30)
FN:463,(anonymous_31)
FN:475,(anonymous_32)
FN:493,(anonymous_33)
FN:511,(anonymous_34)
FN:523,(anonymous_35)
FN:535,(anonymous_36)
FN:547,(anonymous_37)
FN:559,(anonymous_38)
FN:577,(anonymous_39)
FN:595,(anonymous_40)
FN:600,(anonymous_41)
FN:609,(anonymous_42)
FN:618,(anonymous_43)
FN:628,(anonymous_44)
FN:637,(anonymous_45)
FN:646,(anonymous_46)
FN:656,(anonymous_47)
FN:668,(anonymous_48)
FN:680,(anonymous_49)
FN:695,(anonymous_50)
FN:707,(anonymous_51)
FN:719,(anonymous_52)
FN:731,(anonymous_53)
FN:743,(anonymous_54)
FN:756,(anonymous_55)
FN:769,(anonymous_56)
FN:786,(anonymous_57)
FN:798,(anonymous_58)
FN:810,(anonymous_59)
FN:822,(anonymous_60)
FN:834,(anonymous_61)
FN:847,(anonymous_62)
FN:860,(anonymous_63)
FN:877,(anonymous_64)
FN:889,(anonymous_65)
FN:901,(anonymous_66)
FN:913,(anonymous_67)
FN:925,(anonymous_68)
FN:938,(anonymous_69)
FN:951,(anonymous_70)
FN:964,(anonymous_71)
FNF:72
FNH:72
FNDA:202,(anonymous_0)
FNDA:202,(anonymous_1)
FNDA:21,(anonymous_2)
FNDA:1,(anonymous_3)
FNDA:1,(anonymous_4)
FNDA:1,(anonymous_5)
FNDA:1,(anonymous_6)
FNDA:1,(anonymous_7)
FNDA:1,(anonymous_8)
FNDA:1,(anonymous_9)
FNDA:1,(anonymous_10)
FNDA:1,(anonymous_11)
FNDA:1,(anonymous_12)
FNDA:1,(anonymous_13)
FNDA:2,(anonymous_14)
FNDA:1,(anonymous_15)
FNDA:1,(anonymous_16)
FNDA:1,(anonymous_17)
FNDA:1,(anonymous_18)
FNDA:1,(anonymous_19)
FNDA:2,(anonymous_20)
FNDA:1,(anonymous_21)
FNDA:1,(anonymous_22)
FNDA:1,(anonymous_23)
FNDA:1,(anonymous_24)
FNDA:1,(anonymous_25)
FNDA:2,(anonymous_26)
FNDA:1,(anonymous_27)
FNDA:2,(anonymous_28)
FNDA:2,(anonymous_29)
FNDA:2,(anonymous_30)
FNDA:2,(anonymous_31)
FNDA:6,(anonymous_32)
FNDA:3,(anonymous_33)
FNDA:2,(anonymous_34)
FNDA:2,(anonymous_35)
FNDA:2,(anonymous_36)
FNDA:2,(anonymous_37)
FNDA:6,(anonymous_38)
FNDA:3,(anonymous_39)
FNDA:1,(anonymous_40)
FNDA:4,(anonymous_41)
FNDA:4,(anonymous_42)
FNDA:9,(anonymous_43)
FNDA:4,(anonymous_44)
FNDA:4,(anonymous_45)
FNDA:9,(anonymous_46)
FNDA:4,(anonymous_47)
FNDA:4,(anonymous_48)
FNDA:9,(anonymous_49)
FNDA:4,(anonymous_50)
FNDA:4,(anonymous_51)
FNDA:4,(anonymous_52)
FNDA:4,(anonymous_53)
FNDA:6,(anonymous_54)
FNDA:6,(anonymous_55)
FNDA:14,(anonymous_56)
FNDA:2,(anonymous_57)
FNDA:2,(anonymous_58)
FNDA:2,(anonymous_59)
FNDA:2,(anonymous_60)
FNDA:3,(anonymous_61)
FNDA:3,(anonymous_62)
FNDA:7,(anonymous_63)
FNDA:2,(anonymous_64)
FNDA:2,(anonymous_65)
FNDA:2,(anonymous_66)
FNDA:2,(anonymous_67)
FNDA:6,(anonymous_68)
FNDA:3,(anonymous_69)
FNDA:6,(anonymous_70)
FNDA:1,(anonymous_71)
DA:6,1
DA:8,202
DA:150,202
DA:155,21
DA:156,21
DA:157,21
DA:162,1
DA:163,1
DA:165,1
DA:170,1
DA:171,1
DA:173,1
DA:178,1
DA:179,1
DA:181,1
DA:186,1
DA:187,1
DA:189,1
DA:194,1
DA:195,1
DA:197,1
DA:198,1
DA:203,1
DA:204,1
DA:206,1
DA:207,1
DA:212,1
DA:213,1
DA:226,1
DA:231,1
DA:232,1
DA:234,1
DA:241,1
DA:242,1
DA:244,1
DA:251,1
DA:252,1
DA:254,1
DA:261,1
DA:262,1
DA:264,1
DA:271,2
DA:272,2
DA:274,2
DA:277,2
DA:284,1
DA:285,1
DA:287,1
DA:290,1
DA:297,1
DA:298,1
DA:300,1
DA:307,1
DA:308,1
DA:310,1
DA:317,1
DA:318,1
DA:320,1
DA:327,1
DA:328,1
DA:330,1
DA:337,2
DA:338,2
DA:340,2
DA:343,2
DA:350,1
DA:351,1
DA:353,1
DA:356,1
DA:363,1
DA:364,1
DA:366,1
DA:373,1
DA:374,1
DA:376,1
DA:383,1
DA:384,1
DA:386,1
DA:393,1
DA:394,1
DA:396,1
DA:403,2
DA:404,2
DA:406,2
DA:409,2
DA:416,1
DA:417,1
DA:419,1
DA:422,1
DA:429,2
DA:430,2
DA:432,2
DA:433,1
DA:435,1
DA:441,2
DA:442,2
DA:444,2
DA:445,1
DA:447,1
DA:453,2
DA:454,2
DA:456,2
DA:457,1
DA:459,1
DA:465,2
DA:466,2
DA:468,2
DA:469,1
DA:471,1
DA:477,6
DA:478,6
DA:480,6
DA:481,4
DA:483,2
DA:486,6
DA:487,4
DA:489,2
DA:495,3
DA:496,3
DA:498,3
DA:499,2
DA:501,1
DA:504,3
DA:505,2
DA:507,1
DA:513,2
DA:514,2
DA:516,2
DA:517,1
DA:519,1
DA:525,2
DA:526,2
DA:528,2
DA:529,1
DA:531,1
DA:537,2
DA:538,2
DA:540,2
DA:541,1
DA:543,1
DA:549,2
DA:550,2
DA:552,2
DA:553,1
DA:555,1
DA:561,6
DA:562,6
DA:564,6
DA:565,4
DA:567,2
DA:570,6
DA:571,4
DA:573,2
DA:579,3
DA:580,3
DA:582,3
DA:583,2
DA:585,1
DA:588,3
DA:589,2
DA:591,1
DA:597,1
DA:602,4
DA:604,4
DA:605,2
DA:611,4
DA:613,4
DA:614,2
DA:620,9
DA:622,9
DA:624,3
DA:630,4
DA:632,4
DA:633,2
DA:639,4
DA:641,4
DA:642,2
DA:648,9
DA:650,9
DA:652,6
DA:658,4
DA:660,4
DA:661,4
DA:663,4
DA:664,2
DA:670,4
DA:672,4
DA:673,4
DA:675,4
DA:676,2
DA:682,9
DA:684,9
DA:685,9
DA:687,9
DA:688,9
DA:690,9
DA:691,6
DA:697,4
DA:698,4
DA:700,4
DA:702,2
DA:709,4
DA:710,4
DA:712,4
DA:714,2
DA:721,4
DA:722,4
DA:724,4
DA:726,2
DA:733,4
DA:734,4
DA:736,4
DA:738,2
DA:745,6
DA:746,6
DA:748,6
DA:751,2
DA:758,6
DA:759,6
DA:761,6
DA:764,2
DA:771,14
DA:772,14
DA:774,14
DA:781,2
DA:788,2
DA:789,2
DA:791,2
DA:793,1
DA:800,2
DA:801,2
DA:803,2
DA:805,1
DA:812,2
DA:813,2
DA:815,2
DA:817,1
DA:824,2
DA:825,2
DA:827,2
DA:829,1
DA:836,3
DA:837,3
DA:839,3
DA:842,2
DA:849,3
DA:850,3
DA:852,3
DA:855,2
DA:862,7
DA:863,7
DA:865,7
DA:872,6
DA:879,2
DA:880,2
DA:882,2
DA:884,1
DA:891,2
DA:892,2
DA:894,2
DA:896,1
DA:903,2
DA:904,2
DA:906,2
DA:908,1
DA:915,2
DA:916,2
DA:918,2
DA:920,1
DA:927,6
DA:928,6
DA:930,6
DA:933,2
DA:940,3
DA:941,3
DA:943,3
DA:946,1
DA:953,6
DA:955,4
DA:959,4
LF:280
LH:280
BRDA:432,0,0,1
BRDA:432,0,1,1
BRDA:444,1,0,1
BRDA:444,1,1,1
BRDA:456,2,0,1
BRDA:456,2,1,1
BRDA:468,3,0,1
BRDA:468,3,1,1
BRDA:480,4,0,4
BRDA:480,4,1,2
BRDA:486,5,0,4
BRDA:486,5,1,2
BRDA:498,6,0,2
BRDA:498,6,1,1
BRDA:504,7,0,2
BRDA:504,7,1,1
BRDA:516,8,0,1
BRDA:516,8,1,1
BRDA:528,9,0,1
BRDA:528,9,1,1
BRDA:540,10,0,1
BRDA:540,10,1,1
BRDA:552,11,0,1
BRDA:552,11,1,1
BRDA:564,12,0,4
BRDA:564,12,1,2
BRDA:570,13,0,4
BRDA:570,13,1,2
BRDA:582,14,0,2
BRDA:582,14,1,1
BRDA:588,15,0,2
BRDA:588,15,1,1
BRDA:604,16,0,2
BRDA:604,16,1,2
BRDA:613,17,0,2
BRDA:613,17,1,2
BRDA:622,18,0,3
BRDA:622,18,1,6
BRDA:622,19,0,9
BRDA:622,19,1,6
BRDA:632,20,0,2
BRDA:632,20,1,2
BRDA:641,21,0,2
BRDA:641,21,1,2
BRDA:650,22,0,6
BRDA:650,22,1,3
BRDA:650,23,0,9
BRDA:650,23,1,6
BRDA:663,24,0,2
BRDA:663,24,1,2
BRDA:675,25,0,2
BRDA:675,25,1,2
BRDA:690,26,0,6
BRDA:690,26,1,3
BRDA:690,27,0,9
BRDA:690,27,1,6
BRDA:700,28,0,2
BRDA:700,28,1,2
BRDA:712,29,0,2
BRDA:712,29,1,2
BRDA:724,30,0,2
BRDA:724,30,1,2
BRDA:736,31,0,2
BRDA:736,31,1,2
BRDA:748,32,0,2
BRDA:748,32,1,4
BRDA:748,33,0,6
BRDA:748,33,1,4
BRDA:761,34,0,2
BRDA:761,34,1,4
BRDA:761,35,0,6
BRDA:761,35,1,4
BRDA:774,36,0,2
BRDA:774,36,1,12
BRDA:774,37,0,14
BRDA:774,37,1,12
BRDA:774,37,2,10
BRDA:774,37,3,8
BRDA:774,37,4,6
BRDA:774,37,5,4
BRDA:791,38,0,1
BRDA:791,38,1,1
BRDA:803,39,0,1
BRDA:803,39,1,1
BRDA:815,40,0,1
BRDA:815,40,1,1
BRDA:827,41,0,1
BRDA:827,41,1,1
BRDA:839,42,0,2
BRDA:839,42,1,1
BRDA:839,43,0,3
BRDA:839,43,1,2
BRDA:852,44,0,2
BRDA:852,44,1,1
BRDA:852,45,0,3
BRDA:852,45,1,2
BRDA:865,46,0,6
BRDA:865,46,1,1
BRDA:865,47,0,7
BRDA:865,47,1,6
BRDA:865,47,2,5
BRDA:865,47,3,4
BRDA:865,47,4,3
BRDA:865,47,5,2
BRDA:882,48,0,1
BRDA:882,48,1,1
BRDA:894,49,0,1
BRDA:894,49,1,1
BRDA:906,50,0,1
BRDA:906,50,1,1
BRDA:918,51,0,1
BRDA:918,51,1,1
BRDA:930,52,0,2
BRDA:930,52,1,4
BRDA:930,53,0,6
BRDA:930,53,1,4
BRDA:943,54,0,1
BRDA:943,54,1,2
BRDA:943,55,0,3
BRDA:943,55,1,2
BRDA:953,56,0,4
BRDA:953,56,1,2
BRF:122
BRH:122
end_of_record
TN:
SF:c:\github\gareththegeek\corewar\simulator\Fetcher.ts
FN:7,(anonymous_0)
FNF:1
FNH:1
FNDA:3,(anonymous_0)
DA:5,1
DA:9,3
DA:10,3
DA:12,3
DA:13,3
DA:15,3
DA:16,3
DA:18,3
DA:19,3
DA:21,3
DA:23,3
LF:11
LH:11
BRF:0
BRH:0
end_of_record
TN:
SF:c:\github\gareththegeek\corewar\simulator\Loader.ts
FN:16,(anonymous_0)
FN:23,(anonymous_1)
FN:27,(anonymous_2)
FN:37,(anonymous_3)
FN:49,(anonymous_4)
FN:57,(anonymous_5)
FNF:6
FNH:6
FNDA:7,(anonymous_0)
FNDA:7,(anonymous_1)
FNDA:20,(anonymous_2)
FNDA:20,(anonymous_3)
FNDA:32,(anonymous_4)
FNDA:35,(anonymous_5)
DA:8,1
DA:10,1
DA:18,7
DA:19,7
DA:20,7
DA:25,7
DA:27,7
DA:29,20
DA:31,20
DA:34,7
DA:39,20
DA:41,32
DA:43,32
DA:44,20
DA:51,32
DA:52,32
DA:54,32
DA:55,32
DA:57,32
DA:59,35
DA:60,35
DA:62,35
DA:63,35
DA:65,35
DA:66,35
DA:67,35
DA:68,35
DA:70,35
DA:72,27
DA:74,21
DA:75,8
DA:76,8
DA:79,6
DA:80,3
DA:81,3
DA:84,8
DA:85,1
DA:86,1
DA:90,32
LF:39
LH:39
BRDA:43,0,0,20
BRDA:43,0,1,12
BRDA:70,1,0,27
BRDA:70,1,1,8
BRDA:72,2,0,21
BRDA:72,2,1,6
BRDA:74,3,0,8
BRDA:74,3,1,13
BRDA:74,4,0,21
BRDA:74,4,1,18
BRDA:79,5,0,3
BRDA:79,5,1,3
BRDA:79,6,0,6
BRDA:79,6,1,4
BRDA:84,7,0,1
BRDA:84,7,1,7
BRDA:84,8,0,8
BRDA:84,8,1,7
BRF:18
BRH:18
end_of_record
TN:
SF:c:\github\gareththegeek\corewar\simulator\OptionValidator.ts
FN:22,(anonymous_0)
FNF:1
FNH:1
FNDA:14,(anonymous_0)
DA:3,1
DA:4,1
DA:6,1
DA:8,1
DA:9,1
DA:10,1
DA:11,1
DA:12,1
DA:13,1
DA:14,1
DA:15,1
DA:16,1
DA:17,1
DA:18,1
DA:19,1
DA:20,1
DA:24,14
DA:25,1
DA:28,13
DA:29,1
DA:32,12
DA:33,1
DA:36,11
DA:38,11
DA:39,1
DA:42,10
DA:43,1
DA:46,9
DA:47,1
DA:50,8
DA:51,1
DA:54,7
DA:55,1
DA:58,6
DA:59,1
DA:62,5
DA:63,1
DA:66,4
DA:67,1
DA:70,3
DA:71,1
DA:74,2
DA:75,1
LF:43
LH:43
BRDA:24,0,0,1
BRDA:24,0,1,13
BRDA:28,1,0,1
BRDA:28,1,1,12
BRDA:32,2,0,1
BRDA:32,2,1,11
BRDA:38,3,0,1
BRDA:38,3,1,10
BRDA:42,4,0,1
BRDA:42,4,1,9
BRDA:46,5,0,1
BRDA:46,5,1,8
BRDA:50,6,0,1
BRDA:50,6,1,7
BRDA:54,7,0,1
BRDA:54,7,1,6
BRDA:54,8,0,7
BRDA:54,8,1,6
BRDA:58,9,0,1
BRDA:58,9,1,5
BRDA:58,10,0,6
BRDA:58,10,1,5
BRDA:62,11,0,1
BRDA:62,11,1,4
BRDA:66,12,0,1
BRDA:66,12,1,3
BRDA:70,13,0,1
BRDA:70,13,1,2
BRDA:70,14,0,3
BRDA:70,14,1,2
BRDA:74,15,0,1
BRDA:74,15,1,1
BRDA:74,16,0,2
BRDA:74,16,1,1
BRF:34
BRH:34
end_of_record
TN:
SF:c:\github\gareththegeek\corewar\simulator\Simulator.ts
FN:28,(anonymous_0)
FN:54,(anonymous_1)
FN:67,(anonymous_2)
FN:72,(anonymous_3)
FN:74,(anonymous_4)
FN:85,(anonymous_5)
FN:98,(anonymous_6)
FNF:7
FNH:3
FNDA:11,(anonymous_0)
FNDA:5,(anonymous_1)
FNDA:0,(anonymous_2)
FNDA:0,(anonymous_3)
FNDA:0,(anonymous_4)
FNDA:11,(anonymous_5)
FNDA:0,(anonymous_6)
DA:12,1
DA:13,1
DA:15,1
DA:37,11
DA:46,11
DA:47,11
DA:48,11
DA:49,11
DA:50,11
DA:51,11
DA:56,5
DA:58,5
DA:60,4
DA:62,4
DA:64,4
DA:68,0
DA:69,0
DA:74,0
DA:77,0
DA:80,0
DA:87,11
DA:89,11
DA:91,11
DA:93,11
DA:95,11
DA:99,0
LF:26
LH:20
BRF:0
BRH:0
end_of_record
TN:
SF:c:\github\gareththegeek\corewar\simulator\Warrior.ts
FN:16,(anonymous_0)
FNF:1
FNH:1
FNDA:29,(anonymous_0)
DA:5,1
DA:17,29
DA:18,29
DA:19,29
DA:20,29
DA:21,29
DA:22,29
LF:7
LH:7
BRF:0
BRH:0
end_of_record
TN:
SF:c:\github\gareththegeek\corewar\simulator\WarriorLoader.ts
FN:26,(anonymous_0)
FN:31,(anonymous_1)
FN:50,(anonymous_2)
FN:71,(anonymous_3)
FN:86,(anonymous_4)
FN:95,(anonymous_5)
FN:116,(anonymous_6)
FN:156,(anonymous_7)
FN:176,(anonymous_8)
FN:213,(anonymous_9)
FNF:10
FNH:10
FNDA:11,(anonymous_0)
FNDA:11,(anonymous_1)
FNDA:11,(anonymous_2)
FNDA:104,(anonymous_3)
FNDA:1,(anonymous_4)
FNDA:104,(anonymous_5)
FNDA:104,(anonymous_6)
FNDA:104,(anonymous_7)
FNDA:208,(anonymous_8)
FNDA:11,(anonymous_9)
DA:4,1
DA:5,1
DA:9,1
DA:13,1
DA:14,1
DA:16,1
DA:28,11
DA:33,11
DA:34,11
DA:36,11
DA:37,11
DA:39,11
DA:41,11
DA:43,11
DA:44,11
DA:45,11
DA:47,11
DA:51,11
DA:53,105
DA:55,105
DA:57,104
DA:58,104
DA:60,1
DA:62,1
DA:66,0
DA:73,104
DA:75,104
DA:83,104
DA:87,1
DA:88,1
DA:90,1
DA:92,1
DA:97,104
DA:111,104
DA:113,104
DA:118,104
DA:120,6
DA:122,8
DA:124,6
DA:126,6
DA:128,6
DA:130,6
DA:132,6
DA:134,6
DA:136,6
DA:138,6
DA:140,6
DA:142,6
DA:144,6
DA:146,6
DA:148,6
DA:150,6
DA:152,6
DA:158,104
DA:160,18
DA:162,18
DA:164,12
DA:166,18
DA:168,14
DA:170,12
DA:172,12
DA:178,208
DA:183,208
DA:185,42
DA:186,42
DA:188,24
DA:189,24
DA:191,24
DA:192,24
DA:194,24
DA:195,24
DA:197,24
DA:198,24
DA:200,24
DA:201,24
DA:203,18
DA:204,18
DA:206,28
DA:207,28
DA:210,208
DA:215,11
DA:219,11
LF:82
LH:81
BRDA:55,0,0,104
BRDA:55,0,1,1
BRDA:60,1,0,1
BRDA:60,1,1,0
BRDA:119,2,0,6
BRDA:119,2,1,8
BRDA:119,2,2,6
BRDA:119,2,3,6
BRDA:119,2,4,6
BRDA:119,2,5,6
BRDA:119,2,6,6
BRDA:119,2,7,6
BRDA:119,2,8,6
BRDA:119,2,9,6
BRDA:119,2,10,6
BRDA:119,2,11,6
BRDA:119,2,12,6
BRDA:119,2,13,6
BRDA:119,2,14,6
BRDA:119,2,15,6
BRDA:119,2,16,6
BRDA:159,3,0,18
BRDA:159,3,1,18
BRDA:159,3,2,12
BRDA:159,3,3,18
BRDA:159,3,4,14
BRDA:159,3,5,12
BRDA:159,3,6,12
BRDA:184,4,0,42
BRDA:184,4,1,24
BRDA:184,4,2,24
BRDA:184,4,3,24
BRDA:184,4,4,24
BRDA:184,4,5,24
BRDA:184,4,6,18
BRDA:184,4,7,28
BRF:36
BRH:35
end_of_record
TN:
SF:c:\github\gareththegeek\corewar\simulator\interface\ICore.ts
FN:6,(anonymous_0)
FNF:1
FNH:1
FNDA:1,(anonymous_0)
DA:6,1
DA:7,1
DA:8,1
DA:9,1
LF:4
LH:4
BRDA:6,0,0,1
BRDA:6,0,1,1
BRF:2
BRH:2
end_of_record
TN:
SF:c:\github\gareththegeek\corewar\simulator\interface\IInstruction.ts
FN:3,(anonymous_0)
FN:24,(anonymous_1)
FNF:2
FNH:2
FNDA:1,(anonymous_0)
FNDA:1,(anonymous_1)
DA:3,1
DA:4,1
DA:5,1
DA:6,1
DA:7,1
DA:8,1
DA:9,1
DA:10,1
DA:11,1
DA:12,1
DA:13,1
DA:14,1
DA:15,1
DA:16,1
DA:17,1
DA:18,1
DA:19,1
DA:20,1
DA:21,1
DA:24,1
DA:25,1
DA:26,1
DA:27,1
DA:28,1
DA:29,1
DA:30,1
DA:31,1
DA:32,1
LF:28
LH:28
BRDA:3,0,0,1
BRDA:3,0,1,1
BRDA:24,1,0,1
BRDA:24,1,1,1
BRF:4
BRH:4
end_of_record
TN:
SF:c:\github\gareththegeek\corewar\simulator\interface\IOperand.ts
FN:2,(anonymous_0)
FNF:1
FNH:1
FNDA:1,(anonymous_0)
DA:2,1
DA:3,1
DA:4,1
DA:5,1
DA:6,1
DA:7,1
DA:8,1
DA:9,1
DA:10,1
DA:11,1
LF:10
LH:10
BRDA:2,0,0,1
BRDA:2,0,1,1
BRF:2
BRH:2
end_of_record
